{
  "stats": {
    "suites": 1,
    "tests": 4,
    "passes": 4,
    "pending": 0,
    "failures": 0,
    "start": "2022-12-27T18:37:37.461Z",
    "end": "2022-12-27T18:37:37.770Z",
    "duration": 309,
    "testsRegistered": 4,
    "passPercent": 100,
    "pendingPercent": 0,
    "other": 0,
    "hasOther": false,
    "skipped": 0,
    "hasSkipped": false
  },
  "results": [
    {
      "uuid": "586e7642-f322-4ce2-8ea0-2a3f288cd3d3",
      "title": "",
      "fullFile": "cypress/e2e/10.testCoverage90.cy.js",
      "file": "cypress/e2e/10.testCoverage90.cy.js",
      "beforeHooks": [],
      "afterHooks": [],
      "tests": [],
      "suites": [
        {
          "uuid": "5ed41271-49f7-4230-9df9-5f199450e906",
          "title": "10 - Desenvolva testes para atingir 90% de cobertura total da aplicação",
          "fullFile": "",
          "file": "",
          "beforeHooks": [],
          "afterHooks": [],
          "tests": [
            {
              "title": "Cobertura de \"Statements\" total deverá ser maior ou igual a 90.",
              "fullTitle": "10 - Desenvolva testes para atingir 90% de cobertura total da aplicação Cobertura de \"Statements\" total deverá ser maior ou igual a 90.",
              "timedOut": null,
              "duration": 82,
              "state": "passed",
              "speed": "fast",
              "pass": true,
              "fail": false,
              "pending": false,
              "context": null,
              "code": "cy.getCoverage().its('total.statements.pct', {\n  timeout: 0\n}).should('be.gte', 90.00);",
              "err": {},
              "uuid": "6556f192-aae2-463c-be3d-cae98442f91c",
              "parentUUID": "5ed41271-49f7-4230-9df9-5f199450e906",
              "isHook": false,
              "skipped": false
            },
            {
              "title": "Cobertura de \"Functions\" total deverá ser maior ou igual a 90.",
              "fullTitle": "10 - Desenvolva testes para atingir 90% de cobertura total da aplicação Cobertura de \"Functions\" total deverá ser maior ou igual a 90.",
              "timedOut": null,
              "duration": 35,
              "state": "passed",
              "speed": "fast",
              "pass": true,
              "fail": false,
              "pending": false,
              "context": null,
              "code": "cy.getCoverage().its('total.functions.pct', {\n  timeout: 0\n}).should('be.gte', 90.00);",
              "err": {},
              "uuid": "d8b988cd-2ed2-4d9e-ae8d-2e14c7c9b634",
              "parentUUID": "5ed41271-49f7-4230-9df9-5f199450e906",
              "isHook": false,
              "skipped": false
            },
            {
              "title": "Cobertura de \"Branches\" total deverá ser maior ou igual a 90.",
              "fullTitle": "10 - Desenvolva testes para atingir 90% de cobertura total da aplicação Cobertura de \"Branches\" total deverá ser maior ou igual a 90.",
              "timedOut": null,
              "duration": 34,
              "state": "passed",
              "speed": "fast",
              "pass": true,
              "fail": false,
              "pending": false,
              "context": null,
              "code": "cy.getCoverage().its('total.branches.pct', {\n  timeout: 0\n}).should('be.gte', 90.00);",
              "err": {},
              "uuid": "2e861323-b355-4b1a-b2ca-8c58f0a59cba",
              "parentUUID": "5ed41271-49f7-4230-9df9-5f199450e906",
              "isHook": false,
              "skipped": false
            },
            {
              "title": "Cobertura de \"Lines\" total deverá ser maior ou igual a 90.",
              "fullTitle": "10 - Desenvolva testes para atingir 90% de cobertura total da aplicação Cobertura de \"Lines\" total deverá ser maior ou igual a 90.",
              "timedOut": null,
              "duration": 36,
              "state": "passed",
              "speed": "fast",
              "pass": true,
              "fail": false,
              "pending": false,
              "context": null,
              "code": "cy.getCoverage().its('total.lines.pct', {\n  timeout: 0\n}).should('be.gte', 90.00);",
              "err": {},
              "uuid": "45bd75f0-a447-452b-8b3a-d00a1a1ceca8",
              "parentUUID": "5ed41271-49f7-4230-9df9-5f199450e906",
              "isHook": false,
              "skipped": false
            }
          ],
          "suites": [],
          "passes": [
            "6556f192-aae2-463c-be3d-cae98442f91c",
            "d8b988cd-2ed2-4d9e-ae8d-2e14c7c9b634",
            "2e861323-b355-4b1a-b2ca-8c58f0a59cba",
            "45bd75f0-a447-452b-8b3a-d00a1a1ceca8"
          ],
          "failures": [],
          "pending": [],
          "skipped": [],
          "duration": 187,
          "root": false,
          "rootEmpty": false,
          "_timeout": 2000
        }
      ],
      "passes": [],
      "failures": [],
      "pending": [],
      "skipped": [],
      "duration": 0,
      "root": true,
      "rootEmpty": true,
      "_timeout": 2000
    }
  ],
  "meta": {
    "mocha": {
      "version": "7.0.1"
    },
    "mochawesome": {
      "options": {
        "quiet": false,
        "reportFilename": "mochawesome",
        "saveHtml": false,
        "saveJson": true,
        "consoleReporter": "spec",
        "useInlineDiffs": false,
        "code": true
      },
      "version": "7.1.3"
    },
    "marge": {
      "options": {
        "id": "default",
        "reportDir": "cypress/reports",
        "overwrite": false,
        "html": false,
        "json": true
      },
      "version": "6.2.0"
    }
  }
}