{
  "stats": {
    "suites": 1,
    "tests": 4,
    "passes": 2,
    "pending": 0,
    "failures": 2,
    "start": "2022-11-29T01:13:05.138Z",
    "end": "2022-11-29T01:14:04.663Z",
    "duration": 59525,
    "testsRegistered": 4,
    "passPercent": 50,
    "pendingPercent": 0,
    "other": 0,
    "hasOther": false,
    "skipped": 0,
    "hasSkipped": false
  },
  "results": [
    {
      "uuid": "7614ba65-c730-4f22-9cc2-2b4d61ce2fa6",
      "title": "",
      "fullFile": "cypress/e2e/05.testCoverage30.cy.js",
      "file": "cypress/e2e/05.testCoverage30.cy.js",
      "beforeHooks": [],
      "afterHooks": [],
      "tests": [],
      "suites": [
        {
          "uuid": "779e0eef-7f12-4fe2-bc64-089e1f334f8d",
          "title": "5 - Desenvolva testes para atingir 30% de cobertura total da aplicação",
          "fullFile": "",
          "file": "",
          "beforeHooks": [],
          "afterHooks": [],
          "tests": [
            {
              "title": "Cobertura de \"Statements\" total deverá ser maior ou igual a 30.",
              "fullTitle": "5 - Desenvolva testes para atingir 30% de cobertura total da aplicação Cobertura de \"Statements\" total deverá ser maior ou igual a 30.",
              "timedOut": null,
              "duration": 58978,
              "state": "passed",
              "speed": "slow",
              "pass": true,
              "fail": false,
              "pending": false,
              "context": null,
              "code": "cy.getCoverage().its('total.statements.pct', {\n  timeout: 0\n}).should('be.gte', 30.00);",
              "err": {},
              "uuid": "5eed01a8-340d-4ba0-8842-87079d84e30c",
              "parentUUID": "779e0eef-7f12-4fe2-bc64-089e1f334f8d",
              "isHook": false,
              "skipped": false
            },
            {
              "title": "Cobertura de \"Functions\" total deverá ser maior ou igual a 30.",
              "fullTitle": "5 - Desenvolva testes para atingir 30% de cobertura total da aplicação Cobertura de \"Functions\" total deverá ser maior ou igual a 30.",
              "timedOut": null,
              "duration": 75,
              "state": "failed",
              "speed": null,
              "pass": false,
              "fail": true,
              "pending": false,
              "context": null,
              "code": "cy.getCoverage().its('total.functions.pct', {\n  timeout: 0\n}).should('be.gte', 30.00);",
              "err": {
                "message": "AssertionError: Timed out retrying after 0ms: expected 20 to be at least 30",
                "estack": "AssertionError: Timed out retrying after 0ms: expected 20 to be at least 30\n    at Context.eval (http://localhost:37267/__cypress/tests?p=cypress/e2e/05.testCoverage30.cy.js:108:8)",
                "diff": "- 20\n+ 30\n"
              },
              "uuid": "dc121142-3476-4c80-8d5a-5822cfb14725",
              "parentUUID": "779e0eef-7f12-4fe2-bc64-089e1f334f8d",
              "isHook": false,
              "skipped": false
            },
            {
              "title": "Cobertura de \"Branches\" total deverá ser maior ou igual a 30.",
              "fullTitle": "5 - Desenvolva testes para atingir 30% de cobertura total da aplicação Cobertura de \"Branches\" total deverá ser maior ou igual a 30.",
              "timedOut": null,
              "duration": 41,
              "state": "failed",
              "speed": null,
              "pass": false,
              "fail": true,
              "pending": false,
              "context": null,
              "code": "cy.getCoverage().its('total.branches.pct', {\n  timeout: 0\n}).should('be.gte', 30.00);",
              "err": {
                "message": "AssertionError: Timed out retrying after 0ms: expected 20 to be at least 30",
                "estack": "AssertionError: Timed out retrying after 0ms: expected 20 to be at least 30\n    at Context.eval (http://localhost:37267/__cypress/tests?p=cypress/e2e/05.testCoverage30.cy.js:113:8)",
                "diff": "- 20\n+ 30\n"
              },
              "uuid": "ab7a1f4e-5935-42aa-841d-a2383950cd8f",
              "parentUUID": "779e0eef-7f12-4fe2-bc64-089e1f334f8d",
              "isHook": false,
              "skipped": false
            },
            {
              "title": "Cobertura de \"Lines\" total deverá ser maior ou igual a 30.",
              "fullTitle": "5 - Desenvolva testes para atingir 30% de cobertura total da aplicação Cobertura de \"Lines\" total deverá ser maior ou igual a 30.",
              "timedOut": null,
              "duration": 74,
              "state": "passed",
              "speed": "fast",
              "pass": true,
              "fail": false,
              "pending": false,
              "context": null,
              "code": "cy.getCoverage().its('total.lines.pct', {\n  timeout: 0\n}).should('be.gte', 30.00);",
              "err": {},
              "uuid": "4634d373-19b1-410b-9ffa-3fc26e4c177b",
              "parentUUID": "779e0eef-7f12-4fe2-bc64-089e1f334f8d",
              "isHook": false,
              "skipped": false
            }
          ],
          "suites": [],
          "passes": [
            "5eed01a8-340d-4ba0-8842-87079d84e30c",
            "4634d373-19b1-410b-9ffa-3fc26e4c177b"
          ],
          "failures": [
            "dc121142-3476-4c80-8d5a-5822cfb14725",
            "ab7a1f4e-5935-42aa-841d-a2383950cd8f"
          ],
          "pending": [],
          "skipped": [],
          "duration": 59168,
          "root": false,
          "rootEmpty": false,
          "_timeout": 2000
        }
      ],
      "passes": [],
      "failures": [],
      "pending": [],
      "skipped": [],
      "duration": 0,
      "root": true,
      "rootEmpty": true,
      "_timeout": 2000
    }
  ],
  "meta": {
    "mocha": {
      "version": "7.0.1"
    },
    "mochawesome": {
      "options": {
        "quiet": false,
        "reportFilename": "mochawesome",
        "saveHtml": false,
        "saveJson": true,
        "consoleReporter": "spec",
        "useInlineDiffs": false,
        "code": true
      },
      "version": "7.1.3"
    },
    "marge": {
      "options": {
        "id": "default",
        "reportDir": "cypress/reports",
        "overwrite": false,
        "html": false,
        "json": true
      },
      "version": "6.2.0"
    }
  }
}