{
  "stats": {
    "suites": 1,
    "tests": 4,
    "passes": 0,
    "pending": 0,
    "failures": 4,
    "start": "2022-11-29T01:15:21.564Z",
    "end": "2022-11-29T01:15:22.127Z",
    "duration": 563,
    "testsRegistered": 4,
    "passPercent": 0,
    "pendingPercent": 0,
    "other": 0,
    "hasOther": false,
    "skipped": 0,
    "hasSkipped": false
  },
  "results": [
    {
      "uuid": "9948dfbd-060e-45e6-9b71-668806e1bb2c",
      "title": "",
      "fullFile": "cypress/e2e/10.testCoverage90.cy.js",
      "file": "cypress/e2e/10.testCoverage90.cy.js",
      "beforeHooks": [],
      "afterHooks": [],
      "tests": [],
      "suites": [
        {
          "uuid": "3ed794cd-3ea5-4ca1-ba06-60452826bff3",
          "title": "10 - Desenvolva testes para atingir 90% de cobertura total da aplicação",
          "fullFile": "",
          "file": "",
          "beforeHooks": [],
          "afterHooks": [],
          "tests": [
            {
              "title": "Cobertura de \"Statements\" total deverá ser maior ou igual a 90.",
              "fullTitle": "10 - Desenvolva testes para atingir 90% de cobertura total da aplicação Cobertura de \"Statements\" total deverá ser maior ou igual a 90.",
              "timedOut": null,
              "duration": 95,
              "state": "failed",
              "speed": null,
              "pass": false,
              "fail": true,
              "pending": false,
              "context": null,
              "code": "cy.getCoverage().its('total.statements.pct', {\n  timeout: 0\n}).should('be.gte', 90.00);",
              "err": {
                "message": "AssertionError: Timed out retrying after 0ms: expected 33.33 to be at least 90",
                "estack": "AssertionError: Timed out retrying after 0ms: expected 33.33 to be at least 90\n    at Context.eval (http://localhost:37267/__cypress/tests?p=cypress/e2e/10.testCoverage90.cy.js:103:8)",
                "diff": "- 33.33\n+ 90\n"
              },
              "uuid": "00f4d11f-56cd-48a9-8584-e0d2c265dbb1",
              "parentUUID": "3ed794cd-3ea5-4ca1-ba06-60452826bff3",
              "isHook": false,
              "skipped": false
            },
            {
              "title": "Cobertura de \"Functions\" total deverá ser maior ou igual a 90.",
              "fullTitle": "10 - Desenvolva testes para atingir 90% de cobertura total da aplicação Cobertura de \"Functions\" total deverá ser maior ou igual a 90.",
              "timedOut": null,
              "duration": 36,
              "state": "failed",
              "speed": null,
              "pass": false,
              "fail": true,
              "pending": false,
              "context": null,
              "code": "cy.getCoverage().its('total.functions.pct', {\n  timeout: 0\n}).should('be.gte', 90.00);",
              "err": {
                "message": "AssertionError: Timed out retrying after 0ms: expected 20 to be at least 90",
                "estack": "AssertionError: Timed out retrying after 0ms: expected 20 to be at least 90\n    at Context.eval (http://localhost:37267/__cypress/tests?p=cypress/e2e/10.testCoverage90.cy.js:108:8)",
                "diff": "- 20\n+ 90\n"
              },
              "uuid": "81f588bd-39aa-4d8e-ab14-73bacfffc3fb",
              "parentUUID": "3ed794cd-3ea5-4ca1-ba06-60452826bff3",
              "isHook": false,
              "skipped": false
            },
            {
              "title": "Cobertura de \"Branches\" total deverá ser maior ou igual a 90.",
              "fullTitle": "10 - Desenvolva testes para atingir 90% de cobertura total da aplicação Cobertura de \"Branches\" total deverá ser maior ou igual a 90.",
              "timedOut": null,
              "duration": 33,
              "state": "failed",
              "speed": null,
              "pass": false,
              "fail": true,
              "pending": false,
              "context": null,
              "code": "cy.getCoverage().its('total.branches.pct', {\n  timeout: 0\n}).should('be.gte', 90.00);",
              "err": {
                "message": "AssertionError: Timed out retrying after 0ms: expected 20 to be at least 90",
                "estack": "AssertionError: Timed out retrying after 0ms: expected 20 to be at least 90\n    at Context.eval (http://localhost:37267/__cypress/tests?p=cypress/e2e/10.testCoverage90.cy.js:113:8)",
                "diff": "- 20\n+ 90\n"
              },
              "uuid": "6139b86d-80ce-4f8a-961e-81e7b57a28ef",
              "parentUUID": "3ed794cd-3ea5-4ca1-ba06-60452826bff3",
              "isHook": false,
              "skipped": false
            },
            {
              "title": "Cobertura de \"Lines\" total deverá ser maior ou igual a 90.",
              "fullTitle": "10 - Desenvolva testes para atingir 90% de cobertura total da aplicação Cobertura de \"Lines\" total deverá ser maior ou igual a 90.",
              "timedOut": null,
              "duration": 42,
              "state": "failed",
              "speed": null,
              "pass": false,
              "fail": true,
              "pending": false,
              "context": null,
              "code": "cy.getCoverage().its('total.lines.pct', {\n  timeout: 0\n}).should('be.gte', 90.00);",
              "err": {
                "message": "AssertionError: Timed out retrying after 0ms: expected 35.89 to be at least 90",
                "estack": "AssertionError: Timed out retrying after 0ms: expected 35.89 to be at least 90\n    at Context.eval (http://localhost:37267/__cypress/tests?p=cypress/e2e/10.testCoverage90.cy.js:118:8)",
                "diff": "- 35.89\n+ 90\n"
              },
              "uuid": "f6038659-c1e3-4d0b-9062-afcd7bd3d49b",
              "parentUUID": "3ed794cd-3ea5-4ca1-ba06-60452826bff3",
              "isHook": false,
              "skipped": false
            }
          ],
          "suites": [],
          "passes": [],
          "failures": [
            "00f4d11f-56cd-48a9-8584-e0d2c265dbb1",
            "81f588bd-39aa-4d8e-ab14-73bacfffc3fb",
            "6139b86d-80ce-4f8a-961e-81e7b57a28ef",
            "f6038659-c1e3-4d0b-9062-afcd7bd3d49b"
          ],
          "pending": [],
          "skipped": [],
          "duration": 206,
          "root": false,
          "rootEmpty": false,
          "_timeout": 2000
        }
      ],
      "passes": [],
      "failures": [],
      "pending": [],
      "skipped": [],
      "duration": 0,
      "root": true,
      "rootEmpty": true,
      "_timeout": 2000
    }
  ],
  "meta": {
    "mocha": {
      "version": "7.0.1"
    },
    "mochawesome": {
      "options": {
        "quiet": false,
        "reportFilename": "mochawesome",
        "saveHtml": false,
        "saveJson": true,
        "consoleReporter": "spec",
        "useInlineDiffs": false,
        "code": true
      },
      "version": "7.1.3"
    },
    "marge": {
      "options": {
        "id": "default",
        "reportDir": "cypress/reports",
        "overwrite": false,
        "html": false,
        "json": true
      },
      "version": "6.2.0"
    }
  }
}