{
  "stats": {
    "suites": 1,
    "tests": 4,
    "passes": 0,
    "pending": 0,
    "failures": 4,
    "start": "2022-11-29T01:14:30.137Z",
    "end": "2022-11-29T01:14:30.718Z",
    "duration": 581,
    "testsRegistered": 4,
    "passPercent": 0,
    "pendingPercent": 0,
    "other": 0,
    "hasOther": false,
    "skipped": 0,
    "hasSkipped": false
  },
  "results": [
    {
      "uuid": "751e285f-5d62-4107-85c2-0c31d974b23d",
      "title": "",
      "fullFile": "cypress/e2e/08.testCoverage60.cy.js",
      "file": "cypress/e2e/08.testCoverage60.cy.js",
      "beforeHooks": [],
      "afterHooks": [],
      "tests": [],
      "suites": [
        {
          "uuid": "804ee658-de0a-4c16-88e9-fbc28e92c596",
          "title": "8 - Desenvolva testes para atingir 60% de cobertura total da aplicação",
          "fullFile": "",
          "file": "",
          "beforeHooks": [],
          "afterHooks": [],
          "tests": [
            {
              "title": "Cobertura de \"Statements\" total deverá ser maior ou igual a 60.",
              "fullTitle": "8 - Desenvolva testes para atingir 60% de cobertura total da aplicação Cobertura de \"Statements\" total deverá ser maior ou igual a 60.",
              "timedOut": null,
              "duration": 99,
              "state": "failed",
              "speed": null,
              "pass": false,
              "fail": true,
              "pending": false,
              "context": null,
              "code": "cy.getCoverage().its('total.statements.pct', {\n  timeout: 0\n}).should('be.gte', 60.00);",
              "err": {
                "message": "AssertionError: Timed out retrying after 0ms: expected 33.33 to be at least 60",
                "estack": "AssertionError: Timed out retrying after 0ms: expected 33.33 to be at least 60\n    at Context.eval (http://localhost:37267/__cypress/tests?p=cypress/e2e/08.testCoverage60.cy.js:103:8)",
                "diff": "- 33.33\n+ 60\n"
              },
              "uuid": "f8bb2786-ef9d-4172-b62c-ab31566b7620",
              "parentUUID": "804ee658-de0a-4c16-88e9-fbc28e92c596",
              "isHook": false,
              "skipped": false
            },
            {
              "title": "Cobertura de \"Functions\" total deverá ser maior ou igual a 60.",
              "fullTitle": "8 - Desenvolva testes para atingir 60% de cobertura total da aplicação Cobertura de \"Functions\" total deverá ser maior ou igual a 60.",
              "timedOut": null,
              "duration": 36,
              "state": "failed",
              "speed": null,
              "pass": false,
              "fail": true,
              "pending": false,
              "context": null,
              "code": "cy.getCoverage().its('total.functions.pct', {\n  timeout: 0\n}).should('be.gte', 60.00);",
              "err": {
                "message": "AssertionError: Timed out retrying after 0ms: expected 20 to be at least 60",
                "estack": "AssertionError: Timed out retrying after 0ms: expected 20 to be at least 60\n    at Context.eval (http://localhost:37267/__cypress/tests?p=cypress/e2e/08.testCoverage60.cy.js:108:8)",
                "diff": "- 20\n+ 60\n"
              },
              "uuid": "b79be99c-3d77-4783-b379-8bb5accffa8d",
              "parentUUID": "804ee658-de0a-4c16-88e9-fbc28e92c596",
              "isHook": false,
              "skipped": false
            },
            {
              "title": "Cobertura de \"Branches\" total deverá ser maior ou igual a 60.",
              "fullTitle": "8 - Desenvolva testes para atingir 60% de cobertura total da aplicação Cobertura de \"Branches\" total deverá ser maior ou igual a 60.",
              "timedOut": null,
              "duration": 37,
              "state": "failed",
              "speed": null,
              "pass": false,
              "fail": true,
              "pending": false,
              "context": null,
              "code": "cy.getCoverage().its('total.branches.pct', {\n  timeout: 0\n}).should('be.gte', 60.00);",
              "err": {
                "message": "AssertionError: Timed out retrying after 0ms: expected 20 to be at least 60",
                "estack": "AssertionError: Timed out retrying after 0ms: expected 20 to be at least 60\n    at Context.eval (http://localhost:37267/__cypress/tests?p=cypress/e2e/08.testCoverage60.cy.js:113:8)",
                "diff": "- 20\n+ 60\n"
              },
              "uuid": "84567b31-75ac-4e89-9436-94fc18b89370",
              "parentUUID": "804ee658-de0a-4c16-88e9-fbc28e92c596",
              "isHook": false,
              "skipped": false
            },
            {
              "title": "Cobertura de \"Lines\" total deverá ser maior ou igual a 60.",
              "fullTitle": "8 - Desenvolva testes para atingir 60% de cobertura total da aplicação Cobertura de \"Lines\" total deverá ser maior ou igual a 60.",
              "timedOut": null,
              "duration": 43,
              "state": "failed",
              "speed": null,
              "pass": false,
              "fail": true,
              "pending": false,
              "context": null,
              "code": "cy.getCoverage().its('total.lines.pct', {\n  timeout: 0\n}).should('be.gte', 60.00);",
              "err": {
                "message": "AssertionError: Timed out retrying after 0ms: expected 35.89 to be at least 60",
                "estack": "AssertionError: Timed out retrying after 0ms: expected 35.89 to be at least 60\n    at Context.eval (http://localhost:37267/__cypress/tests?p=cypress/e2e/08.testCoverage60.cy.js:118:8)",
                "diff": "- 35.89\n+ 60\n"
              },
              "uuid": "3566973f-b3a1-4156-afae-388ef90aa02f",
              "parentUUID": "804ee658-de0a-4c16-88e9-fbc28e92c596",
              "isHook": false,
              "skipped": false
            }
          ],
          "suites": [],
          "passes": [],
          "failures": [
            "f8bb2786-ef9d-4172-b62c-ab31566b7620",
            "b79be99c-3d77-4783-b379-8bb5accffa8d",
            "84567b31-75ac-4e89-9436-94fc18b89370",
            "3566973f-b3a1-4156-afae-388ef90aa02f"
          ],
          "pending": [],
          "skipped": [],
          "duration": 215,
          "root": false,
          "rootEmpty": false,
          "_timeout": 2000
        }
      ],
      "passes": [],
      "failures": [],
      "pending": [],
      "skipped": [],
      "duration": 0,
      "root": true,
      "rootEmpty": true,
      "_timeout": 2000
    }
  ],
  "meta": {
    "mocha": {
      "version": "7.0.1"
    },
    "mochawesome": {
      "options": {
        "quiet": false,
        "reportFilename": "mochawesome",
        "saveHtml": false,
        "saveJson": true,
        "consoleReporter": "spec",
        "useInlineDiffs": false,
        "code": true
      },
      "version": "7.1.3"
    },
    "marge": {
      "options": {
        "id": "default",
        "reportDir": "cypress/reports",
        "overwrite": false,
        "html": false,
        "json": true
      },
      "version": "6.2.0"
    }
  }
}