{
  "stats": {
    "suites": 1,
    "tests": 4,
    "passes": 4,
    "pending": 0,
    "failures": 0,
    "start": "2022-11-29T01:12:25.704Z",
    "end": "2022-11-29T01:12:30.754Z",
    "duration": 5050,
    "testsRegistered": 4,
    "passPercent": 100,
    "pendingPercent": 0,
    "other": 0,
    "hasOther": false,
    "skipped": 0,
    "hasSkipped": false
  },
  "results": [
    {
      "uuid": "516b116d-42b0-47ee-888a-a06a55c1fa01",
      "title": "",
      "fullFile": "cypress/e2e/01.starwarsApi.cy.js",
      "file": "cypress/e2e/01.starwarsApi.cy.js",
      "beforeHooks": [],
      "afterHooks": [],
      "tests": [],
      "suites": [
        {
          "uuid": "d3aa5631-df68-49b0-876d-ed81eb3b7f2b",
          "title": "1 - Faça uma requisição para o endpoint `/planets` da API de Star Wars e preencha uma tabela com os dados retornados, com exceção dos da coluna `residents`",
          "fullFile": "",
          "file": "",
          "beforeHooks": [],
          "afterHooks": [],
          "tests": [
            {
              "title": "Realize uma requisição para a API",
              "fullTitle": "1 - Faça uma requisição para o endpoint `/planets` da API de Star Wars e preencha uma tabela com os dados retornados, com exceção dos da coluna `residents` Realize uma requisição para a API",
              "timedOut": null,
              "duration": 906,
              "state": "passed",
              "speed": "fast",
              "pass": true,
              "fail": false,
              "pending": false,
              "context": null,
              "code": "cy.get('@mockFetch').should('be.called');",
              "err": {},
              "uuid": "7276ed43-c8e5-41a6-b8bf-bf77bdf20e95",
              "parentUUID": "d3aa5631-df68-49b0-876d-ed81eb3b7f2b",
              "isHook": false,
              "skipped": false
            },
            {
              "title": "Preencha a tabela com os dados retornados",
              "fullTitle": "1 - Faça uma requisição para o endpoint `/planets` da API de Star Wars e preencha uma tabela com os dados retornados, com exceção dos da coluna `residents` Preencha a tabela com os dados retornados",
              "timedOut": null,
              "duration": 959,
              "state": "passed",
              "speed": "fast",
              "pass": true,
              "fail": false,
              "pending": false,
              "context": null,
              "code": "planets.forEach(planet => {\n  cy.contains(planet.name);\n  cy.contains(planet.rotation_period);\n  cy.contains(planet.orbital_period);\n  cy.contains(planet.diameter);\n  cy.contains(planet.climate);\n  cy.contains(planet.gravity);\n  cy.contains(planet.terrain);\n  cy.contains(planet.surface_water);\n  cy.contains(planet.population);\n});",
              "err": {},
              "uuid": "ae355a29-6a8b-477e-90a6-2f1c943607ed",
              "parentUUID": "d3aa5631-df68-49b0-876d-ed81eb3b7f2b",
              "isHook": false,
              "skipped": false
            },
            {
              "title": "Verifique se a tabela tem 13 colunas",
              "fullTitle": "1 - Faça uma requisição para o endpoint `/planets` da API de Star Wars e preencha uma tabela com os dados retornados, com exceção dos da coluna `residents` Verifique se a tabela tem 13 colunas",
              "timedOut": null,
              "duration": 239,
              "state": "passed",
              "speed": "fast",
              "pass": true,
              "fail": false,
              "pending": false,
              "context": null,
              "code": "// a requisição (mock) retorna 14 chaves em cada planeta, mas a chave `residents` não deve ser exibida totalizando 13 colunas\ncy.get('table tr:first th').should('have.length', MAX_COLUMNS_COUNT);",
              "err": {},
              "uuid": "e6fa66f9-012a-47af-aa31-911e70709497",
              "parentUUID": "d3aa5631-df68-49b0-876d-ed81eb3b7f2b",
              "isHook": false,
              "skipped": false
            },
            {
              "title": "Verifique se a tabela tem uma linha para cada planeta retornado",
              "fullTitle": "1 - Faça uma requisição para o endpoint `/planets` da API de Star Wars e preencha uma tabela com os dados retornados, com exceção dos da coluna `residents` Verifique se a tabela tem uma linha para cada planeta retornado",
              "timedOut": null,
              "duration": 237,
              "state": "passed",
              "speed": "fast",
              "pass": true,
              "fail": false,
              "pending": false,
              "context": null,
              "code": "// a requisição (mock) retorna 10 planetas, somando com mais um linha do header totalizando 11 linhas\ncy.get('table tr').should('have.length', planets.length + 1);",
              "err": {},
              "uuid": "c169dcf7-f92f-4ebb-8dd9-fb73116628bb",
              "parentUUID": "d3aa5631-df68-49b0-876d-ed81eb3b7f2b",
              "isHook": false,
              "skipped": false
            }
          ],
          "suites": [],
          "passes": [
            "7276ed43-c8e5-41a6-b8bf-bf77bdf20e95",
            "ae355a29-6a8b-477e-90a6-2f1c943607ed",
            "e6fa66f9-012a-47af-aa31-911e70709497",
            "c169dcf7-f92f-4ebb-8dd9-fb73116628bb"
          ],
          "failures": [],
          "pending": [],
          "skipped": [],
          "duration": 2341,
          "root": false,
          "rootEmpty": false,
          "_timeout": 2000
        }
      ],
      "passes": [],
      "failures": [],
      "pending": [],
      "skipped": [],
      "duration": 0,
      "root": true,
      "rootEmpty": true,
      "_timeout": 2000
    }
  ],
  "meta": {
    "mocha": {
      "version": "7.0.1"
    },
    "mochawesome": {
      "options": {
        "quiet": false,
        "reportFilename": "mochawesome",
        "saveHtml": false,
        "saveJson": true,
        "consoleReporter": "spec",
        "useInlineDiffs": false,
        "code": true
      },
      "version": "7.1.3"
    },
    "marge": {
      "options": {
        "id": "default",
        "reportDir": "cypress/reports",
        "overwrite": false,
        "html": false,
        "json": true
      },
      "version": "6.2.0"
    }
  }
}