{
  "stats": {
    "suites": 1,
    "tests": 3,
    "passes": 3,
    "pending": 0,
    "failures": 0,
    "start": "2022-12-27T05:21:54.733Z",
    "end": "2022-12-27T05:22:00.312Z",
    "duration": 5579,
    "testsRegistered": 3,
    "passPercent": 100,
    "pendingPercent": 0,
    "other": 0,
    "hasOther": false,
    "skipped": 0,
    "hasSkipped": false
  },
  "results": [
    {
      "uuid": "4af7530f-8fda-484c-99b2-d2db50c087ba",
      "title": "",
      "fullFile": "cypress/e2e/02.filterByName.cy.js",
      "file": "cypress/e2e/02.filterByName.cy.js",
      "beforeHooks": [],
      "afterHooks": [],
      "tests": [],
      "suites": [
        {
          "uuid": "e1f36b86-0231-44bd-a4bc-98c4f3d09547",
          "title": "2 - Crie um filtro de texto para a tabela",
          "fullFile": "",
          "file": "",
          "beforeHooks": [],
          "afterHooks": [],
          "tests": [
            {
              "title": "Filtre os planetas que possuem a letra \"o\" no nome",
              "fullTitle": "2 - Crie um filtro de texto para a tabela Filtre os planetas que possuem a letra \"o\" no nome",
              "timedOut": null,
              "duration": 1489,
              "state": "passed",
              "speed": "fast",
              "pass": true,
              "fail": false,
              "pending": false,
              "context": null,
              "code": "cy.getByTestId(_dataTestIds.INPUT_FILTER_NAME).type('o');\ncy.get('table tr').should('have.length', ROWS_WITH_LETTER_O);\nconst planetNames = ['Coruscant', 'Dagobah', 'Endor', 'Hoth', 'Kamino', 'Naboo', 'Tatooine'];\nplanetNames.forEach(planet => {\n  cy.contains(planet);\n});",
              "err": {},
              "uuid": "2f2f6161-cbad-4f27-b878-0326404d85cd",
              "parentUUID": "e1f36b86-0231-44bd-a4bc-98c4f3d09547",
              "isHook": false,
              "skipped": false
            },
            {
              "title": "Filtre planetas que possuem a letra \"oo\" no nome",
              "fullTitle": "2 - Crie um filtro de texto para a tabela Filtre planetas que possuem a letra \"oo\" no nome",
              "timedOut": null,
              "duration": 465,
              "state": "passed",
              "speed": "fast",
              "pass": true,
              "fail": false,
              "pending": false,
              "context": null,
              "code": "cy.getByTestId(_dataTestIds.INPUT_FILTER_NAME).type('oo');\ncy.get('table tr').should('have.length', ROWS_WITH_LETTER_OO);\ncy.contains('Naboo');\ncy.contains('Tatooine');",
              "err": {},
              "uuid": "898621e2-5a49-4893-b38b-37a5375a22b8",
              "parentUUID": "e1f36b86-0231-44bd-a4bc-98c4f3d09547",
              "isHook": false,
              "skipped": false
            },
            {
              "title": "Faça vários filtros em sequência",
              "fullTitle": "2 - Crie um filtro de texto para a tabela Faça vários filtros em sequência",
              "timedOut": null,
              "duration": 972,
              "state": "passed",
              "speed": "fast",
              "pass": true,
              "fail": false,
              "pending": false,
              "context": null,
              "code": "cy.getByTestId(_dataTestIds.INPUT_FILTER_NAME).type('o');\ncy.get('table tr').should('have.length', ROWS_WITH_LETTER_O);\nconst planetNames = ['Coruscant', 'Dagobah', 'Endor', 'Hoth', 'Kamino', 'Naboo', 'Tatooine'];\nplanetNames.forEach(planet => {\n  cy.contains(planet);\n});\ncy.getByTestId(_dataTestIds.INPUT_FILTER_NAME).type('o');\ncy.get('table tr').should('have.length', ROWS_WITH_LETTER_OO);\ncy.contains('Naboo');\ncy.contains('Tatooine');\ncy.getByTestId(_dataTestIds.INPUT_FILTER_NAME).clear();\ncy.get('table tr').should('have.length', ROWS_TOTAL);\nplanets.forEach(({\n  name\n}) => {\n  cy.contains(name);\n});",
              "err": {},
              "uuid": "052c78de-e5a9-4f5a-8514-76b385802355",
              "parentUUID": "e1f36b86-0231-44bd-a4bc-98c4f3d09547",
              "isHook": false,
              "skipped": false
            }
          ],
          "suites": [],
          "passes": [
            "2f2f6161-cbad-4f27-b878-0326404d85cd",
            "898621e2-5a49-4893-b38b-37a5375a22b8",
            "052c78de-e5a9-4f5a-8514-76b385802355"
          ],
          "failures": [],
          "pending": [],
          "skipped": [],
          "duration": 2926,
          "root": false,
          "rootEmpty": false,
          "_timeout": 2000
        }
      ],
      "passes": [],
      "failures": [],
      "pending": [],
      "skipped": [],
      "duration": 0,
      "root": true,
      "rootEmpty": true,
      "_timeout": 2000
    }
  ],
  "meta": {
    "mocha": {
      "version": "7.0.1"
    },
    "mochawesome": {
      "options": {
        "quiet": false,
        "reportFilename": "mochawesome",
        "saveHtml": false,
        "saveJson": true,
        "consoleReporter": "spec",
        "useInlineDiffs": false,
        "code": true
      },
      "version": "7.1.3"
    },
    "marge": {
      "options": {
        "id": "default",
        "reportDir": "cypress/reports",
        "overwrite": false,
        "html": false,
        "json": true
      },
      "version": "6.2.0"
    }
  }
}