{
  "stats": {
    "suites": 1,
    "tests": 4,
    "passes": 3,
    "pending": 0,
    "failures": 1,
    "start": "2022-11-24T13:46:09.773Z",
    "end": "2022-11-24T13:47:53.098Z",
    "duration": 103325,
    "testsRegistered": 4,
    "passPercent": 75,
    "pendingPercent": 0,
    "other": 0,
    "hasOther": false,
    "skipped": 0,
    "hasSkipped": false
  },
  "results": [
    {
      "uuid": "de8eef73-4daf-4bfd-9ab5-4350c114f71d",
      "title": "",
      "fullFile": "cypress/e2e/05.testCoverage30.cy.js",
      "file": "cypress/e2e/05.testCoverage30.cy.js",
      "beforeHooks": [],
      "afterHooks": [],
      "tests": [],
      "suites": [
        {
          "uuid": "65a6640f-66d4-40f2-ab85-fa0ebae1faa6",
          "title": "5 - Desenvolva testes para atingir 30% de cobertura total da aplicação",
          "fullFile": "",
          "file": "",
          "beforeHooks": [],
          "afterHooks": [],
          "tests": [
            {
              "title": "Cobertura de \"Statements\" total deverá ser maior ou igual a 30.",
              "fullTitle": "5 - Desenvolva testes para atingir 30% de cobertura total da aplicação Cobertura de \"Statements\" total deverá ser maior ou igual a 30.",
              "timedOut": null,
              "duration": 60158,
              "state": "failed",
              "speed": null,
              "pass": false,
              "fail": true,
              "pending": false,
              "context": null,
              "code": "cy.getCoverage().its('total.statements.pct', {\n  timeout: 0\n}).should('be.gte', 30.00);",
              "err": {
                "message": "CypressError: `cy.task('getCoverage')` timed out after waiting `60000ms`.\n\nhttps://on.cypress.io/api/task",
                "estack": "CypressError: `cy.task('getCoverage')` timed out after waiting `60000ms`.\n\nhttps://on.cypress.io/api/task\n    at http://localhost:33729/__cypress/runner/cypress_runner.js:145619:78\n    at tryCatcher (http://localhost:33729/__cypress/runner/cypress_runner.js:11318:23)\n    at http://localhost:33729/__cypress/runner/cypress_runner.js:6440:41\n    at tryCatcher (http://localhost:33729/__cypress/runner/cypress_runner.js:11318:23)\n    at Promise._settlePromiseFromHandler (http://localhost:33729/__cypress/runner/cypress_runner.js:9253:31)\n    at Promise._settlePromise (http://localhost:33729/__cypress/runner/cypress_runner.js:9310:18)\n    at Promise._settlePromise0 (http://localhost:33729/__cypress/runner/cypress_runner.js:9355:10)\n    at Promise._settlePromises (http://localhost:33729/__cypress/runner/cypress_runner.js:9431:18)\n    at _drainQueueStep (http://localhost:33729/__cypress/runner/cypress_runner.js:6025:12)\n    at _drainQueue (http://localhost:33729/__cypress/runner/cypress_runner.js:6018:9)\n    at ../../node_modules/bluebird/js/release/async.js.Async._drainQueues (http://localhost:33729/__cypress/runner/cypress_runner.js:6034:5)\n    at Async.drainQueues (http://localhost:33729/__cypress/runner/cypress_runner.js:5904:14)\nFrom Your Spec Code:\n    at Context.eval (http://localhost:33729/__cypress/tests?p=cypress/support/e2e.js:138:46)",
                "diff": null
              },
              "uuid": "5a9301c3-c94e-491f-85c6-c1df8513b40a",
              "parentUUID": "65a6640f-66d4-40f2-ab85-fa0ebae1faa6",
              "isHook": false,
              "skipped": false
            },
            {
              "title": "Cobertura de \"Functions\" total deverá ser maior ou igual a 30.",
              "fullTitle": "5 - Desenvolva testes para atingir 30% de cobertura total da aplicação Cobertura de \"Functions\" total deverá ser maior ou igual a 30.",
              "timedOut": null,
              "duration": 41911,
              "state": "passed",
              "speed": "slow",
              "pass": true,
              "fail": false,
              "pending": false,
              "context": null,
              "code": "cy.getCoverage().its('total.functions.pct', {\n  timeout: 0\n}).should('be.gte', 30.00);",
              "err": {},
              "uuid": "ba1e84b8-1a8b-417a-8443-d03bfeb0d9d2",
              "parentUUID": "65a6640f-66d4-40f2-ab85-fa0ebae1faa6",
              "isHook": false,
              "skipped": false
            },
            {
              "title": "Cobertura de \"Branches\" total deverá ser maior ou igual a 30.",
              "fullTitle": "5 - Desenvolva testes para atingir 30% de cobertura total da aplicação Cobertura de \"Branches\" total deverá ser maior ou igual a 30.",
              "timedOut": null,
              "duration": 301,
              "state": "passed",
              "speed": "fast",
              "pass": true,
              "fail": false,
              "pending": false,
              "context": null,
              "code": "cy.getCoverage().its('total.branches.pct', {\n  timeout: 0\n}).should('be.gte', 30.00);",
              "err": {},
              "uuid": "a570f61c-fda0-4c17-bd9b-e61e95f3c713",
              "parentUUID": "65a6640f-66d4-40f2-ab85-fa0ebae1faa6",
              "isHook": false,
              "skipped": false
            },
            {
              "title": "Cobertura de \"Lines\" total deverá ser maior ou igual a 30.",
              "fullTitle": "5 - Desenvolva testes para atingir 30% de cobertura total da aplicação Cobertura de \"Lines\" total deverá ser maior ou igual a 30.",
              "timedOut": null,
              "duration": 41,
              "state": "passed",
              "speed": "fast",
              "pass": true,
              "fail": false,
              "pending": false,
              "context": null,
              "code": "cy.getCoverage().its('total.lines.pct', {\n  timeout: 0\n}).should('be.gte', 30.00);",
              "err": {},
              "uuid": "55f43c90-d8c9-4fea-8779-5804950910ab",
              "parentUUID": "65a6640f-66d4-40f2-ab85-fa0ebae1faa6",
              "isHook": false,
              "skipped": false
            }
          ],
          "suites": [],
          "passes": [
            "ba1e84b8-1a8b-417a-8443-d03bfeb0d9d2",
            "a570f61c-fda0-4c17-bd9b-e61e95f3c713",
            "55f43c90-d8c9-4fea-8779-5804950910ab"
          ],
          "failures": [
            "5a9301c3-c94e-491f-85c6-c1df8513b40a"
          ],
          "pending": [],
          "skipped": [],
          "duration": 102411,
          "root": false,
          "rootEmpty": false,
          "_timeout": 2000
        }
      ],
      "passes": [],
      "failures": [],
      "pending": [],
      "skipped": [],
      "duration": 0,
      "root": true,
      "rootEmpty": true,
      "_timeout": 2000
    }
  ],
  "meta": {
    "mocha": {
      "version": "7.0.1"
    },
    "mochawesome": {
      "options": {
        "quiet": false,
        "reportFilename": "mochawesome",
        "saveHtml": false,
        "saveJson": true,
        "consoleReporter": "spec",
        "useInlineDiffs": false,
        "code": true
      },
      "version": "7.1.3"
    },
    "marge": {
      "options": {
        "id": "default",
        "reportDir": "cypress/reports",
        "overwrite": false,
        "html": false,
        "json": true
      },
      "version": "6.2.0"
    }
  }
}