{
  "stats": {
    "suites": 1,
    "tests": 4,
    "passes": 4,
    "pending": 0,
    "failures": 0,
    "start": "2022-12-04T19:44:01.109Z",
    "end": "2022-12-04T19:44:49.527Z",
    "duration": 48418,
    "testsRegistered": 4,
    "passPercent": 100,
    "pendingPercent": 0,
    "other": 0,
    "hasOther": false,
    "skipped": 0,
    "hasSkipped": false
  },
  "results": [
    {
      "uuid": "d3785b2c-26d7-4a9b-9acc-91f1a3d4f6c0",
      "title": "",
      "fullFile": "cypress/e2e/05.testCoverage30.cy.js",
      "file": "cypress/e2e/05.testCoverage30.cy.js",
      "beforeHooks": [],
      "afterHooks": [],
      "tests": [],
      "suites": [
        {
          "uuid": "9fd2ceec-9d47-4233-b32c-c447c206a4a1",
          "title": "5 - Desenvolva testes para atingir 30% de cobertura total da aplicação",
          "fullFile": "",
          "file": "",
          "beforeHooks": [],
          "afterHooks": [],
          "tests": [
            {
              "title": "Cobertura de \"Statements\" total deverá ser maior ou igual a 30.",
              "fullTitle": "5 - Desenvolva testes para atingir 30% de cobertura total da aplicação Cobertura de \"Statements\" total deverá ser maior ou igual a 30.",
              "timedOut": null,
              "duration": 48132,
              "state": "passed",
              "speed": "slow",
              "pass": true,
              "fail": false,
              "pending": false,
              "context": null,
              "code": "cy.getCoverage().its('total.statements.pct', {\n  timeout: 0\n}).should('be.gte', 30.00);",
              "err": {},
              "uuid": "d4893a22-c3c3-48ae-b088-1f6553909c16",
              "parentUUID": "9fd2ceec-9d47-4233-b32c-c447c206a4a1",
              "isHook": false,
              "skipped": false
            },
            {
              "title": "Cobertura de \"Functions\" total deverá ser maior ou igual a 30.",
              "fullTitle": "5 - Desenvolva testes para atingir 30% de cobertura total da aplicação Cobertura de \"Functions\" total deverá ser maior ou igual a 30.",
              "timedOut": null,
              "duration": 38,
              "state": "passed",
              "speed": "fast",
              "pass": true,
              "fail": false,
              "pending": false,
              "context": null,
              "code": "cy.getCoverage().its('total.functions.pct', {\n  timeout: 0\n}).should('be.gte', 30.00);",
              "err": {},
              "uuid": "5a714685-72f8-4e7d-9a6f-75f981a11774",
              "parentUUID": "9fd2ceec-9d47-4233-b32c-c447c206a4a1",
              "isHook": false,
              "skipped": false
            },
            {
              "title": "Cobertura de \"Branches\" total deverá ser maior ou igual a 30.",
              "fullTitle": "5 - Desenvolva testes para atingir 30% de cobertura total da aplicação Cobertura de \"Branches\" total deverá ser maior ou igual a 30.",
              "timedOut": null,
              "duration": 44,
              "state": "passed",
              "speed": "fast",
              "pass": true,
              "fail": false,
              "pending": false,
              "context": null,
              "code": "cy.getCoverage().its('total.branches.pct', {\n  timeout: 0\n}).should('be.gte', 30.00);",
              "err": {},
              "uuid": "f2f4a44d-77e4-4243-86d6-dce262f252da",
              "parentUUID": "9fd2ceec-9d47-4233-b32c-c447c206a4a1",
              "isHook": false,
              "skipped": false
            },
            {
              "title": "Cobertura de \"Lines\" total deverá ser maior ou igual a 30.",
              "fullTitle": "5 - Desenvolva testes para atingir 30% de cobertura total da aplicação Cobertura de \"Lines\" total deverá ser maior ou igual a 30.",
              "timedOut": null,
              "duration": 49,
              "state": "passed",
              "speed": "fast",
              "pass": true,
              "fail": false,
              "pending": false,
              "context": null,
              "code": "cy.getCoverage().its('total.lines.pct', {\n  timeout: 0\n}).should('be.gte', 30.00);",
              "err": {},
              "uuid": "b7e7f76f-a5b7-4c1d-a125-92431f32806b",
              "parentUUID": "9fd2ceec-9d47-4233-b32c-c447c206a4a1",
              "isHook": false,
              "skipped": false
            }
          ],
          "suites": [],
          "passes": [
            "d4893a22-c3c3-48ae-b088-1f6553909c16",
            "5a714685-72f8-4e7d-9a6f-75f981a11774",
            "f2f4a44d-77e4-4243-86d6-dce262f252da",
            "b7e7f76f-a5b7-4c1d-a125-92431f32806b"
          ],
          "failures": [],
          "pending": [],
          "skipped": [],
          "duration": 48263,
          "root": false,
          "rootEmpty": false,
          "_timeout": 2000
        }
      ],
      "passes": [],
      "failures": [],
      "pending": [],
      "skipped": [],
      "duration": 0,
      "root": true,
      "rootEmpty": true,
      "_timeout": 2000
    }
  ],
  "meta": {
    "mocha": {
      "version": "7.0.1"
    },
    "mochawesome": {
      "options": {
        "quiet": false,
        "reportFilename": "mochawesome",
        "saveHtml": false,
        "saveJson": true,
        "consoleReporter": "spec",
        "useInlineDiffs": false,
        "code": true
      },
      "version": "7.1.3"
    },
    "marge": {
      "options": {
        "id": "default",
        "reportDir": "cypress/reports",
        "overwrite": false,
        "html": false,
        "json": true
      },
      "version": "6.2.0"
    }
  }
}