{
  "stats": {
    "suites": 1,
    "tests": 1,
    "passes": 0,
    "pending": 0,
    "failures": 1,
    "start": "2022-12-04T19:45:07.140Z",
    "end": "2022-12-04T19:45:07.999Z",
    "duration": 859,
    "testsRegistered": 4,
    "passPercent": 0,
    "pendingPercent": 0,
    "other": 0,
    "hasOther": false,
    "skipped": 3,
    "hasSkipped": true
  },
  "results": [
    {
      "uuid": "edc92622-66ac-494e-ac96-5b0d316af7f1",
      "title": "",
      "fullFile": "cypress/e2e/09.sortPlanets.cy.js",
      "file": "cypress/e2e/09.sortPlanets.cy.js",
      "beforeHooks": [],
      "afterHooks": [],
      "tests": [],
      "suites": [
        {
          "uuid": "a225b1f1-cb98-475d-8fab-9d0f20a91873",
          "title": "9 - Ordene as colunas de forma ascendente ou descendente",
          "fullFile": "",
          "file": "",
          "beforeHooks": [],
          "afterHooks": [],
          "tests": [
            {
              "title": "Ordene os planetas do maior período orbital para o menor período orbital",
              "fullTitle": "9 - Ordene as colunas de forma ascendente ou descendente Ordene os planetas do maior período orbital para o menor período orbital",
              "timedOut": null,
              "duration": 653,
              "state": "failed",
              "speed": null,
              "pass": false,
              "fail": true,
              "pending": false,
              "context": null,
              "code": "sortByColumn('orbital_period', 'desc');\nconst expectedPlanets = ['Bespin', 'Yavin IV', 'Hoth', 'Kamino', 'Endor', 'Coruscant', 'Alderaan', 'Dagobah', 'Naboo', 'Tatooine'];\ncy.getByTestId(_dataTestIds.PLANET_NAME).each((el, index) => {\n  expect(el).to.contain(expectedPlanets[index]);\n});",
              "err": {
                "message": "CypressError: `cy.visit()` failed trying to load:\n\nhttp://localhost:3000/\n\nWe attempted to make an http request to this URL but the request failed without a response.\n\nWe received this error at the network level:\n\n  > Error: connect ECONNREFUSED 127.0.0.1:3000\n\nCommon situations why this would fail:\n  - you don't have internet access\n  - you forgot to run / boot your web server\n  - your web server isn't accessible\n  - you have weird network configuration settings on your computer\n\nBecause this error occurred during a `before each` hook we are skipping the remaining tests in the current suite: `9 - Ordene as colunas de fo...`",
                "estack": "CypressError: `cy.visit()` failed trying to load:\n\nhttp://localhost:3000/\n\nWe attempted to make an http request to this URL but the request failed without a response.\n\nWe received this error at the network level:\n\n  > Error: connect ECONNREFUSED 127.0.0.1:3000\n\nCommon situations why this would fail:\n  - you don't have internet access\n  - you forgot to run / boot your web server\n  - your web server isn't accessible\n  - you have weird network configuration settings on your computer\n\nBecause this error occurred during a `before each` hook we are skipping the remaining tests in the current suite: `9 - Ordene as colunas de fo...`\n    at http://localhost:32931/__cypress/runner/cypress_runner.js:142111:82\n    at visitFailedByErr (http://localhost:32931/__cypress/runner/cypress_runner.js:141413:12)\n    at http://localhost:32931/__cypress/runner/cypress_runner.js:142110:11\n    at tryCatcher (http://localhost:32931/__cypress/runner/cypress_runner.js:11318:23)\n    at Promise._settlePromiseFromHandler (http://localhost:32931/__cypress/runner/cypress_runner.js:9253:31)\n    at Promise._settlePromise (http://localhost:32931/__cypress/runner/cypress_runner.js:9310:18)\n    at Promise._settlePromise0 (http://localhost:32931/__cypress/runner/cypress_runner.js:9355:10)\n    at Promise._settlePromises (http://localhost:32931/__cypress/runner/cypress_runner.js:9431:18)\n    at _drainQueueStep (http://localhost:32931/__cypress/runner/cypress_runner.js:6025:12)\n    at _drainQueue (http://localhost:32931/__cypress/runner/cypress_runner.js:6018:9)\n    at ../../node_modules/bluebird/js/release/async.js.Async._drainQueues (http://localhost:32931/__cypress/runner/cypress_runner.js:6034:5)\n    at Async.drainQueues (http://localhost:32931/__cypress/runner/cypress_runner.js:5904:14)\nFrom Your Spec Code:\n    at Context.eval (http://localhost:32931/__cypress/tests?p=cypress/e2e/09.sortPlanets.cy.js:135:8)\n\nFrom Node.js Internals:\n  Error: connect ECONNREFUSED 127.0.0.1:3000\n      at TCPConnectWrap.afterConnect [as oncomplete] (node:net:1157:16)\n  ",
                "diff": null
              },
              "uuid": "d5d5bd71-2aa1-421d-9d75-16f35ed65e35",
              "parentUUID": "a225b1f1-cb98-475d-8fab-9d0f20a91873",
              "isHook": false,
              "skipped": false
            },
            {
              "title": "Ordene os planetas do menor diâmetro para o maior diâmetro",
              "fullTitle": "9 - Ordene as colunas de forma ascendente ou descendente Ordene os planetas do menor diâmetro para o maior diâmetro",
              "timedOut": null,
              "duration": 0,
              "state": "skipped",
              "speed": null,
              "pass": false,
              "fail": false,
              "pending": false,
              "context": null,
              "code": "sortByColumn('diameter', 'asc');\nconst expectedPlanets = ['Endor', 'Hoth', 'Dagobah', 'Yavin IV', 'Tatooine', 'Naboo', 'Coruscant', 'Alderaan', 'Kamino', 'Bespin'];\ncy.getByTestId(_dataTestIds.PLANET_NAME).each((el, index) => {\n  expect(el).to.contain(expectedPlanets[index]);\n});",
              "err": {},
              "uuid": "2b3d6277-4f35-4202-95e9-29b59701c181",
              "parentUUID": "a225b1f1-cb98-475d-8fab-9d0f20a91873",
              "isHook": false,
              "skipped": true
            },
            {
              "title": "Ordene os planetas do mais populoso para o menos populoso",
              "fullTitle": "9 - Ordene as colunas de forma ascendente ou descendente Ordene os planetas do mais populoso para o menos populoso",
              "timedOut": null,
              "duration": 0,
              "state": "skipped",
              "speed": null,
              "pass": false,
              "fail": false,
              "pending": false,
              "context": null,
              "code": "sortByColumn('population', 'desc');\nconst expectedPlanets = ['Coruscant', 'Naboo', 'Alderaan', 'Kamino', 'Endor', 'Bespin', 'Tatooine', 'Yavin IV'];\nconst expectedPlanetsWithUnknownValues = ['Dagobah', 'Hoth'];\ncy.getByTestId(_dataTestIds.PLANET_NAME).each((el, index) => {\n  if (expectedPlanets[index]) {\n    expect(el).to.contain(expectedPlanets[index]);\n  } else {\n    expect(el.text()).to.be.oneOf(expectedPlanetsWithUnknownValues);\n  }\n});",
              "err": {},
              "uuid": "2733b75a-221c-49f0-8a45-88a1465f99e2",
              "parentUUID": "a225b1f1-cb98-475d-8fab-9d0f20a91873",
              "isHook": false,
              "skipped": true
            },
            {
              "title": "Ordene os planetas do menos populoso para o mais populoso",
              "fullTitle": "9 - Ordene as colunas de forma ascendente ou descendente Ordene os planetas do menos populoso para o mais populoso",
              "timedOut": null,
              "duration": 0,
              "state": "skipped",
              "speed": null,
              "pass": false,
              "fail": false,
              "pending": false,
              "context": null,
              "code": "sortByColumn('population', 'asc');\nconst expectedPlanets = ['Yavin IV', 'Tatooine', 'Bespin', 'Endor', 'Kamino', 'Alderaan', 'Naboo', 'Coruscant'];\nconst expectedPlanetsWithUnknownValues = ['Dagobah', 'Hoth'];\ncy.getByTestId(_dataTestIds.PLANET_NAME).each((el, index) => {\n  if (expectedPlanets[index]) {\n    expect(el).to.contain(expectedPlanets[index]);\n  } else {\n    expect(el.text()).to.be.oneOf(expectedPlanetsWithUnknownValues);\n  }\n});",
              "err": {},
              "uuid": "45964952-52d2-4932-b8cf-5eac97206e31",
              "parentUUID": "a225b1f1-cb98-475d-8fab-9d0f20a91873",
              "isHook": false,
              "skipped": true
            }
          ],
          "suites": [],
          "passes": [],
          "failures": [
            "d5d5bd71-2aa1-421d-9d75-16f35ed65e35"
          ],
          "pending": [],
          "skipped": [
            "2b3d6277-4f35-4202-95e9-29b59701c181",
            "2733b75a-221c-49f0-8a45-88a1465f99e2",
            "45964952-52d2-4932-b8cf-5eac97206e31"
          ],
          "duration": 653,
          "root": false,
          "rootEmpty": false,
          "_timeout": 2000
        }
      ],
      "passes": [],
      "failures": [],
      "pending": [],
      "skipped": [],
      "duration": 0,
      "root": true,
      "rootEmpty": true,
      "_timeout": 2000
    }
  ],
  "meta": {
    "mocha": {
      "version": "7.0.1"
    },
    "mochawesome": {
      "options": {
        "quiet": false,
        "reportFilename": "mochawesome",
        "saveHtml": false,
        "saveJson": true,
        "consoleReporter": "spec",
        "useInlineDiffs": false,
        "code": true
      },
      "version": "7.1.3"
    },
    "marge": {
      "options": {
        "id": "default",
        "reportDir": "cypress/reports",
        "overwrite": false,
        "html": false,
        "json": true
      },
      "version": "6.2.0"
    }
  }
}