{
  "stats": {
    "suites": 1,
    "tests": 9,
    "passes": 6,
    "pending": 0,
    "failures": 3,
    "start": "2022-11-24T13:44:56.666Z",
    "end": "2022-11-24T13:45:35.597Z",
    "duration": 38931,
    "testsRegistered": 9,
    "passPercent": 66.66666666666666,
    "pendingPercent": 0,
    "other": 0,
    "hasOther": false,
    "skipped": 0,
    "hasSkipped": false
  },
  "results": [
    {
      "uuid": "7a354ea7-e287-4af2-ba60-09d9406aa2fa",
      "title": "",
      "fullFile": "cypress/e2e/03.starwarsNumericFilter.cy.js",
      "file": "cypress/e2e/03.starwarsNumericFilter.cy.js",
      "beforeHooks": [],
      "afterHooks": [],
      "tests": [],
      "suites": [
        {
          "uuid": "4726d556-1f6a-4332-9671-5f97dbb97535",
          "title": "3 - Crie um filtro para valores numéricos",
          "fullFile": "",
          "file": "",
          "beforeHooks": [],
          "afterHooks": [],
          "tests": [
            {
              "title": "Renderize o filtro de coluna",
              "fullTitle": "3 - Crie um filtro para valores numéricos Renderize o filtro de coluna",
              "timedOut": null,
              "duration": 852,
              "state": "passed",
              "speed": "fast",
              "pass": true,
              "fail": false,
              "pending": false,
              "context": null,
              "code": "const options = ['population', 'orbital_period', 'diameter', 'rotation_period', 'surface_water'];\ncy.getByTestId(_dataTestIds.COLUMN_FILTER).children().should('have.length', options.length).each(el => {\n  expect(el.text()).to.be.oneOf(options);\n});",
              "err": {},
              "uuid": "834622c2-258b-4d0d-92dc-cb1a8e1ab74a",
              "parentUUID": "4726d556-1f6a-4332-9671-5f97dbb97535",
              "isHook": false,
              "skipped": false
            },
            {
              "title": "Renderize o filtro de comparação",
              "fullTitle": "3 - Crie um filtro para valores numéricos Renderize o filtro de comparação",
              "timedOut": null,
              "duration": 347,
              "state": "passed",
              "speed": "fast",
              "pass": true,
              "fail": false,
              "pending": false,
              "context": null,
              "code": "const options = ['maior que', 'menor que', 'igual a'];\ncy.getByTestId(_dataTestIds.COMPARISON_FILTER).children().should('have.length', options.length).each(el => {\n  expect(el.text()).to.be.oneOf(options);\n});",
              "err": {},
              "uuid": "4c215bcb-dcce-450a-8c6a-08f4c916a999",
              "parentUUID": "4726d556-1f6a-4332-9671-5f97dbb97535",
              "isHook": false,
              "skipped": false
            },
            {
              "title": "Renderize o campo para o valor do filtro",
              "fullTitle": "3 - Crie um filtro para valores numéricos Renderize o campo para o valor do filtro",
              "timedOut": null,
              "duration": 267,
              "state": "passed",
              "speed": "fast",
              "pass": true,
              "fail": false,
              "pending": false,
              "context": null,
              "code": "cy.getByTestId(_dataTestIds.VALUE_FILTER).should('be.visible');",
              "err": {},
              "uuid": "c7413419-326b-4938-933e-7168c0ee19b1",
              "parentUUID": "4726d556-1f6a-4332-9671-5f97dbb97535",
              "isHook": false,
              "skipped": false
            },
            {
              "title": "Renderize o botão para executar a filtragem",
              "fullTitle": "3 - Crie um filtro para valores numéricos Renderize o botão para executar a filtragem",
              "timedOut": null,
              "duration": 221,
              "state": "passed",
              "speed": "fast",
              "pass": true,
              "fail": false,
              "pending": false,
              "context": null,
              "code": "cy.getByTestId(_dataTestIds.BUTTON_FILTER).should('be.visible');",
              "err": {},
              "uuid": "aed77d11-3c39-40b9-9ef2-f9def14f68e8",
              "parentUUID": "4726d556-1f6a-4332-9671-5f97dbb97535",
              "isHook": false,
              "skipped": false
            },
            {
              "title": "Verifica valores iniciais de cada campo",
              "fullTitle": "3 - Crie um filtro para valores numéricos Verifica valores iniciais de cada campo",
              "timedOut": null,
              "duration": 222,
              "state": "passed",
              "speed": "fast",
              "pass": true,
              "fail": false,
              "pending": false,
              "context": null,
              "code": "cy.getByTestId(_dataTestIds.COLUMN_FILTER).should('have.value', 'population');\ncy.getByTestId(_dataTestIds.COMPARISON_FILTER).should('have.value', 'maior que');\ncy.getByTestId(_dataTestIds.VALUE_FILTER).should('have.value', '0');",
              "err": {},
              "uuid": "b2a05412-aad3-4eea-8d4d-48177c88aa13",
              "parentUUID": "4726d556-1f6a-4332-9671-5f97dbb97535",
              "isHook": false,
              "skipped": false
            },
            {
              "title": "Filtre utilizando apenas o botão de filtrar",
              "fullTitle": "3 - Crie um filtro para valores numéricos Filtre utilizando apenas o botão de filtrar",
              "timedOut": null,
              "duration": 365,
              "state": "passed",
              "speed": "fast",
              "pass": true,
              "fail": false,
              "pending": false,
              "context": null,
              "code": "const DEFAULT_FILTERED_ROWS = 9;\ncy.getByTestId(_dataTestIds.BUTTON_FILTER).click();\ncy.get('table tr').should('have.length', DEFAULT_FILTERED_ROWS);",
              "err": {},
              "uuid": "9bbbf192-dd6d-41a1-b512-5b33b4abd482",
              "parentUUID": "4726d556-1f6a-4332-9671-5f97dbb97535",
              "isHook": false,
              "skipped": false
            },
            {
              "title": "Filtre utilizando a comparação \"menor que\"",
              "fullTitle": "3 - Crie um filtro para valores numéricos Filtre utilizando a comparação \"menor que\"",
              "timedOut": null,
              "duration": 11145,
              "state": "failed",
              "speed": null,
              "pass": false,
              "fail": true,
              "pending": false,
              "context": null,
              "code": "const LESS_FILTERED_ROWS = 7;\ncy.addFilter('surface_water', 'menor que', '40');\ncy.get('table tr').should('have.length', LESS_FILTERED_ROWS);",
              "err": {
                "message": "AssertionError: Timed out retrying after 10000ms: Too many elements found. Found '10', expected '7'.",
                "estack": "AssertionError: Timed out retrying after 10000ms: Too many elements found. Found '10', expected '7'.\n    at Context.eval (http://localhost:3000/__cypress/tests?p=cypress/e2e/03.starwarsNumericFilter.cy.js:162:24)",
                "diff": "- 10\n+ 7\n"
              },
              "uuid": "bb9ac03d-6255-47e3-8517-5ad26f65f328",
              "parentUUID": "4726d556-1f6a-4332-9671-5f97dbb97535",
              "isHook": false,
              "skipped": false
            },
            {
              "title": "Filtre utilizando a comparação \"maior que\"",
              "fullTitle": "3 - Crie um filtro para valores numéricos Filtre utilizando a comparação \"maior que\"",
              "timedOut": null,
              "duration": 11041,
              "state": "failed",
              "speed": null,
              "pass": false,
              "fail": true,
              "pending": false,
              "context": null,
              "code": "const GREATER_FILTERED_ROWS = 8;\ncy.addFilter('diameter', 'maior que', '8900');\ncy.get('table tr').should('have.length', GREATER_FILTERED_ROWS);",
              "err": {
                "message": "AssertionError: Timed out retrying after 10000ms: Not enough elements found. Found '2', expected '8'.",
                "estack": "AssertionError: Timed out retrying after 10000ms: Not enough elements found. Found '2', expected '8'.\n    at Context.eval (http://localhost:3000/__cypress/tests?p=cypress/e2e/03.starwarsNumericFilter.cy.js:167:24)",
                "diff": "- 2\n+ 8\n"
              },
              "uuid": "af70dfb4-8028-4f19-ba5c-11e2c64866e4",
              "parentUUID": "4726d556-1f6a-4332-9671-5f97dbb97535",
              "isHook": false,
              "skipped": false
            },
            {
              "title": "Filtre utilizando a comparação \"igual a\"",
              "fullTitle": "3 - Crie um filtro para valores numéricos Filtre utilizando a comparação \"igual a\"",
              "timedOut": null,
              "duration": 11255,
              "state": "failed",
              "speed": null,
              "pass": false,
              "fail": true,
              "pending": false,
              "context": null,
              "code": "const EQUALS_FILTERED_ROWS = 2;\ncy.addFilter('population', 'igual a', '200000');\ncy.get('table tr').should('have.length', EQUALS_FILTERED_ROWS);",
              "err": {
                "message": "AssertionError: Timed out retrying after 10000ms: Too many elements found. Found '11', expected '2'.",
                "estack": "AssertionError: Timed out retrying after 10000ms: Too many elements found. Found '11', expected '2'.\n    at Context.eval (http://localhost:3000/__cypress/tests?p=cypress/e2e/03.starwarsNumericFilter.cy.js:172:24)",
                "diff": "- 11\n+ 2\n"
              },
              "uuid": "57a23fb6-0f33-4d0a-9de3-5562d3a32120",
              "parentUUID": "4726d556-1f6a-4332-9671-5f97dbb97535",
              "isHook": false,
              "skipped": false
            }
          ],
          "suites": [],
          "passes": [
            "834622c2-258b-4d0d-92dc-cb1a8e1ab74a",
            "4c215bcb-dcce-450a-8c6a-08f4c916a999",
            "c7413419-326b-4938-933e-7168c0ee19b1",
            "aed77d11-3c39-40b9-9ef2-f9def14f68e8",
            "b2a05412-aad3-4eea-8d4d-48177c88aa13",
            "9bbbf192-dd6d-41a1-b512-5b33b4abd482"
          ],
          "failures": [
            "bb9ac03d-6255-47e3-8517-5ad26f65f328",
            "af70dfb4-8028-4f19-ba5c-11e2c64866e4",
            "57a23fb6-0f33-4d0a-9de3-5562d3a32120"
          ],
          "pending": [],
          "skipped": [],
          "duration": 35715,
          "root": false,
          "rootEmpty": false,
          "_timeout": 2000
        }
      ],
      "passes": [],
      "failures": [],
      "pending": [],
      "skipped": [],
      "duration": 0,
      "root": true,
      "rootEmpty": true,
      "_timeout": 2000
    }
  ],
  "meta": {
    "mocha": {
      "version": "7.0.1"
    },
    "mochawesome": {
      "options": {
        "quiet": false,
        "reportFilename": "mochawesome",
        "saveHtml": false,
        "saveJson": true,
        "consoleReporter": "spec",
        "useInlineDiffs": false,
        "code": true
      },
      "version": "7.1.3"
    },
    "marge": {
      "options": {
        "id": "default",
        "reportDir": "cypress/reports",
        "overwrite": false,
        "html": false,
        "json": true
      },
      "version": "6.2.0"
    }
  }
}