{
  "stats": {
    "suites": 1,
    "tests": 3,
    "passes": 3,
    "pending": 0,
    "failures": 0,
    "start": "2022-11-24T13:44:47.654Z",
    "end": "2022-11-24T13:44:53.340Z",
    "duration": 5686,
    "testsRegistered": 3,
    "passPercent": 100,
    "pendingPercent": 0,
    "other": 0,
    "hasOther": false,
    "skipped": 0,
    "hasSkipped": false
  },
  "results": [
    {
      "uuid": "3da82896-310c-4759-b7d9-f85599f21869",
      "title": "",
      "fullFile": "cypress/e2e/02.filterByName.cy.js",
      "file": "cypress/e2e/02.filterByName.cy.js",
      "beforeHooks": [],
      "afterHooks": [],
      "tests": [],
      "suites": [
        {
          "uuid": "9124368d-75cc-4cce-89ee-a4d8e6d574a7",
          "title": "2 - Crie um filtro de texto para a tabela",
          "fullFile": "",
          "file": "",
          "beforeHooks": [],
          "afterHooks": [],
          "tests": [
            {
              "title": "Filtre os planetas que possuem a letra \"o\" no nome",
              "fullTitle": "2 - Crie um filtro de texto para a tabela Filtre os planetas que possuem a letra \"o\" no nome",
              "timedOut": null,
              "duration": 1378,
              "state": "passed",
              "speed": "fast",
              "pass": true,
              "fail": false,
              "pending": false,
              "context": null,
              "code": "cy.getByTestId(_dataTestIds.INPUT_FILTER_NAME).type('o');\ncy.get('table tr').should('have.length', ROWS_WITH_LETTER_O);\nconst planetNames = ['Coruscant', 'Dagobah', 'Endor', 'Hoth', 'Kamino', 'Naboo', 'Tatooine'];\nplanetNames.forEach(planet => {\n  cy.contains(planet);\n});",
              "err": {},
              "uuid": "3bd499ca-e0da-4faa-9c68-322ef0a29c88",
              "parentUUID": "9124368d-75cc-4cce-89ee-a4d8e6d574a7",
              "isHook": false,
              "skipped": false
            },
            {
              "title": "Filtre planetas que possuem a letra \"oo\" no nome",
              "fullTitle": "2 - Crie um filtro de texto para a tabela Filtre planetas que possuem a letra \"oo\" no nome",
              "timedOut": null,
              "duration": 542,
              "state": "passed",
              "speed": "fast",
              "pass": true,
              "fail": false,
              "pending": false,
              "context": null,
              "code": "cy.getByTestId(_dataTestIds.INPUT_FILTER_NAME).type('oo');\ncy.get('table tr').should('have.length', ROWS_WITH_LETTER_OO);\ncy.contains('Naboo');\ncy.contains('Tatooine');",
              "err": {},
              "uuid": "0428c220-6ebe-44b9-800b-a7d454a62f97",
              "parentUUID": "9124368d-75cc-4cce-89ee-a4d8e6d574a7",
              "isHook": false,
              "skipped": false
            },
            {
              "title": "Faça vários filtros em sequência",
              "fullTitle": "2 - Crie um filtro de texto para a tabela Faça vários filtros em sequência",
              "timedOut": null,
              "duration": 1022,
              "state": "passed",
              "speed": "fast",
              "pass": true,
              "fail": false,
              "pending": false,
              "context": null,
              "code": "cy.getByTestId(_dataTestIds.INPUT_FILTER_NAME).type('o');\ncy.get('table tr').should('have.length', ROWS_WITH_LETTER_O);\nconst planetNames = ['Coruscant', 'Dagobah', 'Endor', 'Hoth', 'Kamino', 'Naboo', 'Tatooine'];\nplanetNames.forEach(planet => {\n  cy.contains(planet);\n});\ncy.getByTestId(_dataTestIds.INPUT_FILTER_NAME).type('o');\ncy.get('table tr').should('have.length', ROWS_WITH_LETTER_OO);\ncy.contains('Naboo');\ncy.contains('Tatooine');\ncy.getByTestId(_dataTestIds.INPUT_FILTER_NAME).clear();\ncy.get('table tr').should('have.length', ROWS_TOTAL);\nplanets.forEach(({\n  name\n}) => {\n  cy.contains(name);\n});",
              "err": {},
              "uuid": "dc13e073-c06b-4b84-a3b5-5f9799d052a1",
              "parentUUID": "9124368d-75cc-4cce-89ee-a4d8e6d574a7",
              "isHook": false,
              "skipped": false
            }
          ],
          "suites": [],
          "passes": [
            "3bd499ca-e0da-4faa-9c68-322ef0a29c88",
            "0428c220-6ebe-44b9-800b-a7d454a62f97",
            "dc13e073-c06b-4b84-a3b5-5f9799d052a1"
          ],
          "failures": [],
          "pending": [],
          "skipped": [],
          "duration": 2942,
          "root": false,
          "rootEmpty": false,
          "_timeout": 2000
        }
      ],
      "passes": [],
      "failures": [],
      "pending": [],
      "skipped": [],
      "duration": 0,
      "root": true,
      "rootEmpty": true,
      "_timeout": 2000
    }
  ],
  "meta": {
    "mocha": {
      "version": "7.0.1"
    },
    "mochawesome": {
      "options": {
        "quiet": false,
        "reportFilename": "mochawesome",
        "saveHtml": false,
        "saveJson": true,
        "consoleReporter": "spec",
        "useInlineDiffs": false,
        "code": true
      },
      "version": "7.1.3"
    },
    "marge": {
      "options": {
        "id": "default",
        "reportDir": "cypress/reports",
        "overwrite": false,
        "html": false,
        "json": true
      },
      "version": "6.2.0"
    }
  }
}