<?xml version="1.0" encoding="UTF-8"?>
<coverage generated="1670266354243" clover="3.2.0">
  <project timestamp="1670266354244" name="All files">
    <metrics statements="104" coveredstatements="103" conditionals="26" coveredconditionals="25" methods="50" coveredmethods="46" elements="180" coveredelements="174" complexity="0" loc="104" ncloc="104" packages="5" files="10" classes="10"/>
    <package name="cypress.mocks">
      <metrics statements="1" coveredstatements="1" conditionals="0" coveredconditionals="0" methods="0" coveredmethods="0"/>
      <file name="testData.js" path="/home/priscila/Documentos/sd-025-b-project-starwars-planets-search/cypress/mocks/testData.js">
        <metrics statements="1" coveredstatements="1" conditionals="0" coveredconditionals="0" methods="0" coveredmethods="0"/>
        <line num="1" count="3" type="stmt"/>
      </file>
    </package>
    <package name="src">
      <metrics statements="1" coveredstatements="1" conditionals="0" coveredconditionals="0" methods="1" coveredmethods="1"/>
      <file name="App.js" path="/home/priscila/Documentos/sd-025-b-project-starwars-planets-search/src/App.js">
        <metrics statements="1" coveredstatements="1" conditionals="0" coveredconditionals="0" methods="1" coveredmethods="1"/>
        <line num="5" count="28" type="stmt"/>
      </file>
    </package>
    <package name="src.components">
      <metrics statements="81" coveredstatements="80" conditionals="26" coveredconditionals="25" methods="43" coveredmethods="39"/>
      <file name="Filtros.js" path="/home/priscila/Documentos/sd-025-b-project-starwars-planets-search/src/components/Filtros.js">
        <metrics statements="30" coveredstatements="29" conditionals="10" coveredconditionals="10" methods="17" coveredmethods="16"/>
        <line num="6" count="214" type="stmt"/>
        <line num="17" count="212" type="stmt"/>
        <line num="19" count="212" type="stmt"/>
        <line num="20" count="19" type="cond" truecount="2" falsecount="0"/>
        <line num="21" count="8" type="stmt"/>
        <line num="22" count="0" type="stmt"/>
        <line num="24" count="19" type="cond" truecount="2" falsecount="0"/>
        <line num="25" count="6" type="stmt"/>
        <line num="26" count="20" type="stmt"/>
        <line num="28" count="19" type="cond" truecount="2" falsecount="0"/>
        <line num="29" count="5" type="stmt"/>
        <line num="30" count="2" type="stmt"/>
        <line num="35" count="212" type="stmt"/>
        <line num="44" count="7" type="stmt"/>
        <line num="51" count="18" type="stmt"/>
        <line num="53" count="18" type="stmt"/>
        <line num="57" count="952" type="stmt"/>
        <line num="65" count="18" type="stmt"/>
        <line num="67" count="18" type="stmt"/>
        <line num="79" count="82" type="stmt"/>
        <line num="81" count="82" type="stmt"/>
        <line num="87" count="19" type="stmt"/>
        <line num="88" count="19" type="cond" truecount="2" falsecount="0"/>
        <line num="89" count="19" type="stmt"/>
        <line num="90" count="19" type="stmt"/>
        <line num="93" count="19" type="stmt"/>
        <line num="94" count="85" type="stmt"/>
        <line num="103" count="1" type="stmt"/>
        <line num="104" count="1" type="stmt"/>
        <line num="105" count="1" type="stmt"/>
      </file>
      <file name="Header.js" path="/home/priscila/Documentos/sd-025-b-project-starwars-planets-search/src/components/Header.js">
        <metrics statements="1" coveredstatements="1" conditionals="0" coveredconditionals="0" methods="1" coveredmethods="1"/>
        <line num="7" count="28" type="stmt"/>
      </file>
      <file name="History.js" path="/home/priscila/Documentos/sd-025-b-project-starwars-planets-search/src/components/History.js">
        <metrics statements="26" coveredstatements="26" conditionals="8" coveredconditionals="7" methods="12" coveredmethods="12"/>
        <line num="6" count="214" type="stmt"/>
        <line num="12" count="212" type="stmt"/>
        <line num="14" count="212" type="stmt"/>
        <line num="15" count="5" type="stmt"/>
        <line num="16" count="8" type="stmt"/>
        <line num="17" count="5" type="cond" truecount="2" falsecount="0"/>
        <line num="18" count="3" type="stmt"/>
        <line num="19" count="3" type="cond" truecount="2" falsecount="0"/>
        <line num="20" count="1" type="stmt"/>
        <line num="21" count="10" type="stmt"/>
        <line num="23" count="2" type="cond" truecount="2" falsecount="0"/>
        <line num="24" count="1" type="stmt"/>
        <line num="25" count="10" type="stmt"/>
        <line num="26" count="1" type="cond" truecount="1" falsecount="1"/>
        <line num="27" count="1" type="stmt"/>
        <line num="28" count="10" type="stmt"/>
        <line num="33" count="2" type="stmt"/>
        <line num="37" count="212" type="stmt"/>
        <line num="38" count="5" type="stmt"/>
        <line num="39" count="5" type="stmt"/>
        <line num="40" count="8" type="stmt"/>
        <line num="41" count="5" type="stmt"/>
        <line num="42" count="5" type="stmt"/>
        <line num="45" count="212" type="stmt"/>
        <line num="48" count="108" type="stmt"/>
        <line num="61" count="5" type="stmt"/>
      </file>
      <file name="Ordernar.js" path="/home/priscila/Documentos/sd-025-b-project-starwars-planets-search/src/components/Ordernar.js">
        <metrics statements="18" coveredstatements="18" conditionals="6" coveredconditionals="6" methods="10" coveredmethods="7"/>
        <line num="6" count="214" type="stmt"/>
        <line num="13" count="212" type="stmt"/>
        <line num="14" count="212" type="cond" truecount="2" falsecount="0"/>
        <line num="16" count="212" type="stmt"/>
        <line num="17" count="4" type="stmt"/>
        <line num="18" count="4" type="stmt"/>
        <line num="19" count="4" type="cond" truecount="2" falsecount="0"/>
        <line num="20" count="2" type="stmt"/>
        <line num="21" count="2" type="stmt"/>
        <line num="22" count="4" type="cond" truecount="2" falsecount="0"/>
        <line num="23" count="2" type="stmt"/>
        <line num="24" count="2" type="stmt"/>
        <line num="28" count="212" type="stmt"/>
        <line num="35" count="4" type="stmt"/>
        <line num="41" count="1060" type="stmt"/>
        <line num="51" count="2" type="stmt"/>
        <line num="61" count="2" type="stmt"/>
        <line num="67" count="4" type="stmt"/>
      </file>
      <file name="Table.js" path="/home/priscila/Documentos/sd-025-b-project-starwars-planets-search/src/components/Table.js">
        <metrics statements="6" coveredstatements="6" conditionals="2" coveredconditionals="2" methods="3" coveredmethods="3"/>
        <line num="6" count="214" type="stmt"/>
        <line num="7" count="212" type="stmt"/>
        <line num="8" count="212" type="cond" truecount="2" falsecount="0"/>
        <line num="9" count="212" type="stmt"/>
        <line num="31" count="474" type="stmt"/>
        <line num="33" count="463" type="stmt"/>
      </file>
    </package>
    <package name="src.context">
      <metrics statements="11" coveredstatements="11" conditionals="0" coveredconditionals="0" methods="2" coveredmethods="2"/>
      <file name="StarContext.js" path="/home/priscila/Documentos/sd-025-b-project-starwars-planets-search/src/context/StarContext.js">
        <metrics statements="1" coveredstatements="1" conditionals="0" coveredconditionals="0" methods="0" coveredmethods="0"/>
        <line num="3" count="3" type="stmt"/>
      </file>
      <file name="StarProvider.js" path="/home/priscila/Documentos/sd-025-b-project-starwars-planets-search/src/context/StarProvider.js">
        <metrics statements="10" coveredstatements="10" conditionals="0" coveredconditionals="0" methods="2" coveredmethods="2"/>
        <line num="6" count="188" type="stmt"/>
        <line num="7" count="188" type="stmt"/>
        <line num="9" count="188" type="stmt"/>
        <line num="10" count="188" type="stmt"/>
        <line num="11" count="188" type="stmt"/>
        <line num="13" count="188" type="stmt"/>
        <line num="14" count="188" type="stmt"/>
        <line num="17" count="188" type="stmt"/>
        <line num="40" count="188" type="stmt"/>
        <line num="46" count="3" type="stmt"/>
      </file>
    </package>
    <package name="src.hooks">
      <metrics statements="10" coveredstatements="10" conditionals="0" coveredconditionals="0" methods="4" coveredmethods="4"/>
      <file name="useFetch.js" path="/home/priscila/Documentos/sd-025-b-project-starwars-planets-search/src/hooks/useFetch.js">
        <metrics statements="10" coveredstatements="10" conditionals="0" coveredconditionals="0" methods="4" coveredmethods="4"/>
        <line num="5" count="856" type="stmt"/>
        <line num="6" count="848" type="stmt"/>
        <line num="8" count="848" type="stmt"/>
        <line num="9" count="104" type="stmt"/>
        <line num="10" count="104" type="stmt"/>
        <line num="11" count="96" type="stmt"/>
        <line num="12" count="96" type="stmt"/>
        <line num="13" count="96" type="stmt"/>
        <line num="15" count="104" type="stmt"/>
        <line num="18" count="848" type="stmt"/>
      </file>
    </package>
  </project>
</coverage>
