{"/home/priscila/Documentos/sd-025-b-project-starwars-planets-search/cypress/mocks/testData.js": {"path":"/home/priscila/Documentos/sd-025-b-project-starwars-planets-search/cypress/mocks/testData.js","statementMap":{"0":{"start":{"line":1,"column":17},"end":{"line":239,"column":1}}},"fnMap":{},"branchMap":{},"s":{"0":3},"f":{},"b":{},"_coverageSchema":"1a1c01bbd47fc00a2c39e90264f33305004495a9","hash":"5ba83c758ac4afdafe2684fbbc9c325600c277ee"}
,"/home/priscila/Documentos/sd-025-b-project-starwars-planets-search/src/App.js": {"path":"/home/priscila/Documentos/sd-025-b-project-starwars-planets-search/src/App.js","statementMap":{"0":{"start":{"line":5,"column":2},"end":{"line":10,"column":4}}},"fnMap":{"0":{"name":"App","decl":{"start":{"line":4,"column":9},"end":{"line":4,"column":12}},"loc":{"start":{"line":4,"column":15},"end":{"line":11,"column":1}},"line":4}},"branchMap":{},"s":{"0":28},"f":{"0":28},"b":{},"_coverageSchema":"1a1c01bbd47fc00a2c39e90264f33305004495a9","hash":"409abdeb1240a986f9bc0f8b65dfc7f38bfafa6e"}
,"/home/priscila/Documentos/sd-025-b-project-starwars-planets-search/src/components/Filtros.js": {"path":"/home/priscila/Documentos/sd-025-b-project-starwars-planets-search/src/components/Filtros.js","statementMap":{"0":{"start":{"line":6,"column":32},"end":{"line":6,"column":42}},"1":{"start":{"line":17,"column":6},"end":{"line":17,"column":29}},"2":{"start":{"line":19,"column":22},"end":{"line":33,"column":3}},"3":{"start":{"line":20,"column":4},"end":{"line":24,"column":5}},"4":{"start":{"line":21,"column":6},"end":{"line":23,"column":8}},"5":{"start":{"line":22,"column":38},"end":{"line":22,"column":88}},"6":{"start":{"line":24,"column":6},"end":{"line":28,"column":5}},"7":{"start":{"line":25,"column":6},"end":{"line":27,"column":8}},"8":{"start":{"line":26,"column":38},"end":{"line":26,"column":88}},"9":{"start":{"line":28,"column":6},"end":{"line":32,"column":5}},"10":{"start":{"line":29,"column":6},"end":{"line":31,"column":9}},"11":{"start":{"line":30,"column":21},"end":{"line":30,"column":81}},"12":{"start":{"line":35,"column":2},"end":{"line":113,"column":4}},"13":{"start":{"line":44,"column":37},"end":{"line":44,"column":60}},"14":{"start":{"line":51,"column":37},"end":{"line":53,"column":59}},"15":{"start":{"line":53,"column":16},"end":{"line":53,"column":57}},"16":{"start":{"line":57,"column":12},"end":{"line":57,"column":57}},"17":{"start":{"line":65,"column":37},"end":{"line":67,"column":63}},"18":{"start":{"line":67,"column":16},"end":{"line":67,"column":61}},"19":{"start":{"line":79,"column":37},"end":{"line":81,"column":59}},"20":{"start":{"line":81,"column":16},"end":{"line":81,"column":57}},"21":{"start":{"line":87,"column":12},"end":{"line":87,"column":88}},"22":{"start":{"line":87,"column":54},"end":{"line":87,"column":85}},"23":{"start":{"line":88,"column":30},"end":{"line":88,"column":73}},"24":{"start":{"line":89,"column":12},"end":{"line":89,"column":35}},"25":{"start":{"line":90,"column":12},"end":{"line":92,"column":29}},"26":{"start":{"line":93,"column":12},"end":{"line":94,"column":63}},"27":{"start":{"line":94,"column":34},"end":{"line":94,"column":60}},"28":{"start":{"line":103,"column":12},"end":{"line":103,"column":34}},"29":{"start":{"line":104,"column":12},"end":{"line":104,"column":35}},"30":{"start":{"line":105,"column":12},"end":{"line":106,"column":63}}},"fnMap":{"0":{"name":"Filtros","decl":{"start":{"line":5,"column":9},"end":{"line":5,"column":16}},"loc":{"start":{"line":5,"column":19},"end":{"line":114,"column":1}},"line":5},"1":{"name":"(anonymous_1)","decl":{"start":{"line":19,"column":22},"end":{"line":19,"column":23}},"loc":{"start":{"line":19,"column":37},"end":{"line":33,"column":3}},"line":19},"2":{"name":"(anonymous_2)","decl":{"start":{"line":22,"column":25},"end":{"line":22,"column":26}},"loc":{"start":{"line":22,"column":38},"end":{"line":22,"column":88}},"line":22},"3":{"name":"(anonymous_3)","decl":{"start":{"line":26,"column":25},"end":{"line":26,"column":26}},"loc":{"start":{"line":26,"column":38},"end":{"line":26,"column":88}},"line":26},"4":{"name":"(anonymous_4)","decl":{"start":{"line":30,"column":8},"end":{"line":30,"column":9}},"loc":{"start":{"line":30,"column":21},"end":{"line":30,"column":81}},"line":30},"5":{"name":"(anonymous_5)","decl":{"start":{"line":44,"column":21},"end":{"line":44,"column":22}},"loc":{"start":{"line":44,"column":37},"end":{"line":44,"column":60}},"line":44},"6":{"name":"(anonymous_6)","decl":{"start":{"line":51,"column":21},"end":{"line":51,"column":22}},"loc":{"start":{"line":51,"column":37},"end":{"line":53,"column":59}},"line":51},"7":{"name":"(anonymous_7)","decl":{"start":{"line":51,"column":49},"end":{"line":51,"column":50}},"loc":{"start":{"line":53,"column":16},"end":{"line":53,"column":57}},"line":53},"8":{"name":"(anonymous_8)","decl":{"start":{"line":56,"column":29},"end":{"line":56,"column":30}},"loc":{"start":{"line":57,"column":12},"end":{"line":57,"column":57}},"line":57},"9":{"name":"(anonymous_9)","decl":{"start":{"line":65,"column":21},"end":{"line":65,"column":22}},"loc":{"start":{"line":65,"column":37},"end":{"line":67,"column":63}},"line":65},"10":{"name":"(anonymous_10)","decl":{"start":{"line":65,"column":49},"end":{"line":65,"column":50}},"loc":{"start":{"line":67,"column":16},"end":{"line":67,"column":61}},"line":67},"11":{"name":"(anonymous_11)","decl":{"start":{"line":79,"column":21},"end":{"line":79,"column":22}},"loc":{"start":{"line":79,"column":37},"end":{"line":81,"column":59}},"line":79},"12":{"name":"(anonymous_12)","decl":{"start":{"line":79,"column":49},"end":{"line":79,"column":50}},"loc":{"start":{"line":81,"column":16},"end":{"line":81,"column":57}},"line":81},"13":{"name":"(anonymous_13)","decl":{"start":{"line":86,"column":20},"end":{"line":86,"column":21}},"loc":{"start":{"line":86,"column":26},"end":{"line":95,"column":11}},"line":86},"14":{"name":"(anonymous_14)","decl":{"start":{"line":87,"column":31},"end":{"line":87,"column":32}},"loc":{"start":{"line":87,"column":54},"end":{"line":87,"column":85}},"line":87},"15":{"name":"(anonymous_15)","decl":{"start":{"line":94,"column":22},"end":{"line":94,"column":23}},"loc":{"start":{"line":94,"column":34},"end":{"line":94,"column":60}},"line":94},"16":{"name":"(anonymous_16)","decl":{"start":{"line":102,"column":20},"end":{"line":102,"column":21}},"loc":{"start":{"line":102,"column":26},"end":{"line":107,"column":11}},"line":102}},"branchMap":{"0":{"loc":{"start":{"line":20,"column":4},"end":{"line":24,"column":5}},"type":"if","locations":[{"start":{"line":20,"column":4},"end":{"line":24,"column":5}},{"start":{},"end":{}}],"line":20},"1":{"loc":{"start":{"line":24,"column":6},"end":{"line":28,"column":5}},"type":"if","locations":[{"start":{"line":24,"column":6},"end":{"line":28,"column":5}},{"start":{},"end":{}}],"line":24},"2":{"loc":{"start":{"line":28,"column":6},"end":{"line":32,"column":5}},"type":"if","locations":[{"start":{"line":28,"column":6},"end":{"line":32,"column":5}},{"start":{},"end":{}}],"line":28},"3":{"loc":{"start":{"line":37,"column":8},"end":{"line":37,"column":41}},"type":"binary-expr","locations":[{"start":{"line":37,"column":8},"end":{"line":37,"column":15}},{"start":{"line":37,"column":19},"end":{"line":37,"column":41}}],"line":37},"4":{"loc":{"start":{"line":88,"column":30},"end":{"line":88,"column":73}},"type":"cond-expr","locations":[{"start":{"line":88,"column":54},"end":{"line":88,"column":62}},{"start":{"line":88,"column":65},"end":{"line":88,"column":73}}],"line":88}},"s":{"0":214,"1":212,"2":212,"3":19,"4":8,"5":0,"6":19,"7":6,"8":20,"9":19,"10":5,"11":2,"12":212,"13":7,"14":18,"15":18,"16":952,"17":18,"18":18,"19":82,"20":82,"21":19,"22":19,"23":19,"24":19,"25":19,"26":19,"27":85,"28":1,"29":1,"30":1},"f":{"0":214,"1":19,"2":0,"3":20,"4":2,"5":7,"6":18,"7":18,"8":952,"9":18,"10":18,"11":82,"12":82,"13":19,"14":19,"15":85,"16":1},"b":{"0":[8,11],"1":[6,13],"2":[5,14],"3":[212,157],"4":[18,1]},"_coverageSchema":"1a1c01bbd47fc00a2c39e90264f33305004495a9","hash":"7d00cb73ad18e1b0d223bdd1e13fc97eef313700"}
,"/home/priscila/Documentos/sd-025-b-project-starwars-planets-search/src/components/Header.js": {"path":"/home/priscila/Documentos/sd-025-b-project-starwars-planets-search/src/components/Header.js","statementMap":{"0":{"start":{"line":7,"column":2},"end":{"line":13,"column":4}}},"fnMap":{"0":{"name":"Header","decl":{"start":{"line":6,"column":9},"end":{"line":6,"column":15}},"loc":{"start":{"line":6,"column":18},"end":{"line":14,"column":1}},"line":6}},"branchMap":{},"s":{"0":28},"f":{"0":28},"b":{},"_coverageSchema":"1a1c01bbd47fc00a2c39e90264f33305004495a9","hash":"e840d5c74033b56fa37a4145fe0cb7669557d768"}
,"/home/priscila/Documentos/sd-025-b-project-starwars-planets-search/src/components/History.js": {"path":"/home/priscila/Documentos/sd-025-b-project-starwars-planets-search/src/components/History.js","statementMap":{"0":{"start":{"line":6,"column":23},"end":{"line":6,"column":33}},"1":{"start":{"line":12,"column":6},"end":{"line":12,"column":29}},"2":{"start":{"line":14,"column":28},"end":{"line":35,"column":3}},"3":{"start":{"line":15,"column":30},"end":{"line":16,"column":75}},"4":{"start":{"line":16,"column":34},"end":{"line":16,"column":74}},"5":{"start":{"line":17,"column":4},"end":{"line":34,"column":5}},"6":{"start":{"line":18,"column":6},"end":{"line":31,"column":9}},"7":{"start":{"line":19,"column":8},"end":{"line":30,"column":9}},"8":{"start":{"line":20,"column":10},"end":{"line":22,"column":13}},"9":{"start":{"line":21,"column":25},"end":{"line":21,"column":77}},"10":{"start":{"line":23,"column":15},"end":{"line":30,"column":9}},"11":{"start":{"line":24,"column":10},"end":{"line":25,"column":88}},"12":{"start":{"line":25,"column":33},"end":{"line":25,"column":85}},"13":{"start":{"line":26,"column":15},"end":{"line":30,"column":9}},"14":{"start":{"line":27,"column":10},"end":{"line":29,"column":13}},"15":{"start":{"line":28,"column":25},"end":{"line":28,"column":87}},"16":{"start":{"line":33,"column":6},"end":{"line":33,"column":28}},"17":{"start":{"line":37,"column":21},"end":{"line":43,"column":3}},"18":{"start":{"line":38,"column":4},"end":{"line":38,"column":31}},"19":{"start":{"line":39,"column":4},"end":{"line":40,"column":77}},"20":{"start":{"line":40,"column":34},"end":{"line":40,"column":74}},"21":{"start":{"line":41,"column":4},"end":{"line":42,"column":48}},"22":{"start":{"line":42,"column":6},"end":{"line":42,"column":45}},"23":{"start":{"line":45,"column":2},"end":{"line":68,"column":4}},"24":{"start":{"line":48,"column":8},"end":{"line":65,"column":14}},"25":{"start":{"line":61,"column":28},"end":{"line":61,"column":47}}},"fnMap":{"0":{"name":"History","decl":{"start":{"line":5,"column":9},"end":{"line":5,"column":16}},"loc":{"start":{"line":5,"column":19},"end":{"line":69,"column":1}},"line":5},"1":{"name":"(anonymous_1)","decl":{"start":{"line":14,"column":28},"end":{"line":14,"column":29}},"loc":{"start":{"line":14,"column":41},"end":{"line":35,"column":3}},"line":14},"2":{"name":"(anonymous_2)","decl":{"start":{"line":16,"column":14},"end":{"line":16,"column":15}},"loc":{"start":{"line":16,"column":34},"end":{"line":16,"column":74}},"line":16},"3":{"name":"(anonymous_3)","decl":{"start":{"line":18,"column":32},"end":{"line":18,"column":33}},"loc":{"start":{"line":18,"column":47},"end":{"line":31,"column":7}},"line":18},"4":{"name":"(anonymous_4)","decl":{"start":{"line":21,"column":12},"end":{"line":21,"column":13}},"loc":{"start":{"line":21,"column":25},"end":{"line":21,"column":77}},"line":21},"5":{"name":"(anonymous_5)","decl":{"start":{"line":25,"column":20},"end":{"line":25,"column":21}},"loc":{"start":{"line":25,"column":33},"end":{"line":25,"column":85}},"line":25},"6":{"name":"(anonymous_6)","decl":{"start":{"line":28,"column":12},"end":{"line":28,"column":13}},"loc":{"start":{"line":28,"column":25},"end":{"line":28,"column":87}},"line":28},"7":{"name":"(anonymous_7)","decl":{"start":{"line":37,"column":21},"end":{"line":37,"column":22}},"loc":{"start":{"line":37,"column":34},"end":{"line":43,"column":3}},"line":37},"8":{"name":"(anonymous_8)","decl":{"start":{"line":40,"column":14},"end":{"line":40,"column":15}},"loc":{"start":{"line":40,"column":34},"end":{"line":40,"column":74}},"line":40},"9":{"name":"(anonymous_9)","decl":{"start":{"line":41,"column":22},"end":{"line":41,"column":23}},"loc":{"start":{"line":42,"column":6},"end":{"line":42,"column":45}},"line":42},"10":{"name":"(anonymous_10)","decl":{"start":{"line":47,"column":27},"end":{"line":47,"column":28}},"loc":{"start":{"line":48,"column":8},"end":{"line":65,"column":14}},"line":48},"11":{"name":"(anonymous_11)","decl":{"start":{"line":61,"column":22},"end":{"line":61,"column":23}},"loc":{"start":{"line":61,"column":28},"end":{"line":61,"column":47}},"line":61}},"branchMap":{"0":{"loc":{"start":{"line":17,"column":4},"end":{"line":34,"column":5}},"type":"if","locations":[{"start":{"line":17,"column":4},"end":{"line":34,"column":5}},{"start":{"line":32,"column":11},"end":{"line":34,"column":5}}],"line":17},"1":{"loc":{"start":{"line":19,"column":8},"end":{"line":30,"column":9}},"type":"if","locations":[{"start":{"line":19,"column":8},"end":{"line":30,"column":9}},{"start":{"line":23,"column":15},"end":{"line":30,"column":9}}],"line":19},"2":{"loc":{"start":{"line":23,"column":15},"end":{"line":30,"column":9}},"type":"if","locations":[{"start":{"line":23,"column":15},"end":{"line":30,"column":9}},{"start":{"line":26,"column":15},"end":{"line":30,"column":9}}],"line":23},"3":{"loc":{"start":{"line":26,"column":15},"end":{"line":30,"column":9}},"type":"if","locations":[{"start":{"line":26,"column":15},"end":{"line":30,"column":9}},{"start":{},"end":{}}],"line":26}},"s":{"0":214,"1":212,"2":212,"3":5,"4":8,"5":5,"6":3,"7":3,"8":1,"9":10,"10":2,"11":1,"12":10,"13":1,"14":1,"15":10,"16":2,"17":212,"18":5,"19":5,"20":8,"21":5,"22":5,"23":212,"24":108,"25":5},"f":{"0":214,"1":5,"2":8,"3":3,"4":10,"5":10,"6":10,"7":5,"8":8,"9":5,"10":108,"11":5},"b":{"0":[3,2],"1":[1,2],"2":[1,1],"3":[1,0]},"_coverageSchema":"1a1c01bbd47fc00a2c39e90264f33305004495a9","hash":"3c5cec86b5d7ddc3d96f7d7dbf370ab5d7e7f907"}
,"/home/priscila/Documentos/sd-025-b-project-starwars-planets-search/src/components/Ordernar.js": {"path":"/home/priscila/Documentos/sd-025-b-project-starwars-planets-search/src/components/Ordernar.js","statementMap":{"0":{"start":{"line":6,"column":23},"end":{"line":6,"column":33}},"1":{"start":{"line":13,"column":6},"end":{"line":13,"column":29}},"2":{"start":{"line":14,"column":20},"end":{"line":14,"column":63}},"3":{"start":{"line":16,"column":22},"end":{"line":26,"column":3}},"4":{"start":{"line":17,"column":19},"end":{"line":17,"column":40}},"5":{"start":{"line":18,"column":20},"end":{"line":18,"column":74}},"6":{"start":{"line":18,"column":47},"end":{"line":18,"column":73}},"7":{"start":{"line":19,"column":4},"end":{"line":22,"column":5}},"8":{"start":{"line":20,"column":19},"end":{"line":20,"column":64}},"9":{"start":{"line":20,"column":42},"end":{"line":20,"column":63}},"10":{"start":{"line":21,"column":6},"end":{"line":21,"column":24}},"11":{"start":{"line":22,"column":6},"end":{"line":25,"column":5}},"12":{"start":{"line":23,"column":19},"end":{"line":23,"column":64}},"13":{"start":{"line":23,"column":42},"end":{"line":23,"column":63}},"14":{"start":{"line":24,"column":6},"end":{"line":24,"column":24}},"15":{"start":{"line":28,"column":2},"end":{"line":72,"column":4}},"16":{"start":{"line":35,"column":35},"end":{"line":37,"column":9}},"17":{"start":{"line":41,"column":10},"end":{"line":41,"column":55}},"18":{"start":{"line":51,"column":27},"end":{"line":51,"column":80}},"19":{"start":{"line":61,"column":27},"end":{"line":61,"column":81}},"20":{"start":{"line":67,"column":26},"end":{"line":67,"column":40}}},"fnMap":{"0":{"name":"Ordernar","decl":{"start":{"line":5,"column":9},"end":{"line":5,"column":17}},"loc":{"start":{"line":5,"column":20},"end":{"line":73,"column":1}},"line":5},"1":{"name":"(anonymous_1)","decl":{"start":{"line":16,"column":22},"end":{"line":16,"column":23}},"loc":{"start":{"line":16,"column":28},"end":{"line":26,"column":3}},"line":16},"2":{"name":"(anonymous_2)","decl":{"start":{"line":18,"column":37},"end":{"line":18,"column":38}},"loc":{"start":{"line":18,"column":47},"end":{"line":18,"column":73}},"line":18},"3":{"name":"(anonymous_3)","decl":{"start":{"line":20,"column":32},"end":{"line":20,"column":33}},"loc":{"start":{"line":20,"column":42},"end":{"line":20,"column":63}},"line":20},"4":{"name":"(anonymous_4)","decl":{"start":{"line":23,"column":32},"end":{"line":23,"column":33}},"loc":{"start":{"line":23,"column":42},"end":{"line":23,"column":63}},"line":23},"5":{"name":"(anonymous_5)","decl":{"start":{"line":35,"column":19},"end":{"line":35,"column":20}},"loc":{"start":{"line":35,"column":35},"end":{"line":37,"column":9}},"line":35},"6":{"name":"(anonymous_6)","decl":{"start":{"line":40,"column":31},"end":{"line":40,"column":32}},"loc":{"start":{"line":41,"column":10},"end":{"line":41,"column":55}},"line":41},"7":{"name":"(anonymous_7)","decl":{"start":{"line":51,"column":21},"end":{"line":51,"column":22}},"loc":{"start":{"line":51,"column":27},"end":{"line":51,"column":80}},"line":51},"8":{"name":"(anonymous_8)","decl":{"start":{"line":61,"column":21},"end":{"line":61,"column":22}},"loc":{"start":{"line":61,"column":27},"end":{"line":61,"column":81}},"line":61},"9":{"name":"(anonymous_9)","decl":{"start":{"line":67,"column":18},"end":{"line":67,"column":19}},"loc":{"start":{"line":67,"column":24},"end":{"line":67,"column":42}},"line":67}},"branchMap":{"0":{"loc":{"start":{"line":14,"column":20},"end":{"line":14,"column":63}},"type":"cond-expr","locations":[{"start":{"line":14,"column":44},"end":{"line":14,"column":52}},{"start":{"line":14,"column":55},"end":{"line":14,"column":63}}],"line":14},"1":{"loc":{"start":{"line":19,"column":4},"end":{"line":22,"column":5}},"type":"if","locations":[{"start":{"line":19,"column":4},"end":{"line":22,"column":5}},{"start":{},"end":{}}],"line":19},"2":{"loc":{"start":{"line":22,"column":6},"end":{"line":25,"column":5}},"type":"if","locations":[{"start":{"line":22,"column":6},"end":{"line":25,"column":5}},{"start":{},"end":{}}],"line":22}},"s":{"0":214,"1":212,"2":212,"3":212,"4":4,"5":4,"6":0,"7":4,"8":2,"9":0,"10":2,"11":4,"12":2,"13":0,"14":2,"15":212,"16":4,"17":1060,"18":2,"19":2,"20":4},"f":{"0":214,"1":4,"2":0,"3":0,"4":0,"5":4,"6":1060,"7":2,"8":2,"9":4},"b":{"0":[199,13],"1":[2,2],"2":[2,2]},"_coverageSchema":"1a1c01bbd47fc00a2c39e90264f33305004495a9","hash":"e551a51a0412a8251708aa226505f1fdefb1e3d4"}
,"/home/priscila/Documentos/sd-025-b-project-starwars-planets-search/src/components/Table.js": {"path":"/home/priscila/Documentos/sd-025-b-project-starwars-planets-search/src/components/Table.js","statementMap":{"0":{"start":{"line":6,"column":23},"end":{"line":6,"column":33}},"1":{"start":{"line":7,"column":31},"end":{"line":7,"column":54}},"2":{"start":{"line":8,"column":19},"end":{"line":8,"column":62}},"3":{"start":{"line":9,"column":2},"end":{"line":52,"column":4}},"4":{"start":{"line":31,"column":31},"end":{"line":31,"column":58}},"5":{"start":{"line":33,"column":14},"end":{"line":47,"column":19}}},"fnMap":{"0":{"name":"Table","decl":{"start":{"line":5,"column":9},"end":{"line":5,"column":14}},"loc":{"start":{"line":5,"column":17},"end":{"line":53,"column":1}},"line":5},"1":{"name":"(anonymous_1)","decl":{"start":{"line":31,"column":20},"end":{"line":31,"column":21}},"loc":{"start":{"line":31,"column":31},"end":{"line":31,"column":58}},"line":31},"2":{"name":"(anonymous_2)","decl":{"start":{"line":32,"column":17},"end":{"line":32,"column":18}},"loc":{"start":{"line":33,"column":14},"end":{"line":47,"column":19}},"line":33}},"branchMap":{"0":{"loc":{"start":{"line":8,"column":19},"end":{"line":8,"column":62}},"type":"cond-expr","locations":[{"start":{"line":8,"column":43},"end":{"line":8,"column":51}},{"start":{"line":8,"column":54},"end":{"line":8,"column":62}}],"line":8}},"s":{"0":214,"1":212,"2":212,"3":212,"4":474,"5":463},"f":{"0":214,"1":474,"2":463},"b":{"0":[199,13]},"_coverageSchema":"1a1c01bbd47fc00a2c39e90264f33305004495a9","hash":"977d69ca7ccb7d85629fa804781848e0571ebb8c"}
,"/home/priscila/Documentos/sd-025-b-project-starwars-planets-search/src/context/StarContext.js": {"path":"/home/priscila/Documentos/sd-025-b-project-starwars-planets-search/src/context/StarContext.js","statementMap":{"0":{"start":{"line":3,"column":20},"end":{"line":3,"column":35}}},"fnMap":{},"branchMap":{},"s":{"0":3},"f":{},"b":{},"_coverageSchema":"1a1c01bbd47fc00a2c39e90264f33305004495a9","hash":"c135e7d03b6836d53bb693431db739e7c8e99a65"}
,"/home/priscila/Documentos/sd-025-b-project-starwars-planets-search/src/context/StarProvider.js": {"path":"/home/priscila/Documentos/sd-025-b-project-starwars-planets-search/src/context/StarProvider.js","statementMap":{"0":{"start":{"line":6,"column":30},"end":{"line":6,"column":42}},"1":{"start":{"line":7,"column":34},"end":{"line":8,"column":65}},"2":{"start":{"line":9,"column":48},"end":{"line":9,"column":60}},"3":{"start":{"line":10,"column":34},"end":{"line":10,"column":46}},"4":{"start":{"line":11,"column":45},"end":{"line":12,"column":84}},"5":{"start":{"line":13,"column":46},"end":{"line":13,"column":58}},"6":{"start":{"line":14,"column":53},"end":{"line":15,"column":84}},"7":{"start":{"line":17,"column":17},"end":{"line":38,"column":14}},"8":{"start":{"line":17,"column":32},"end":{"line":32,"column":3}},"9":{"start":{"line":40,"column":2},"end":{"line":44,"column":4}},"10":{"start":{"line":46,"column":0},"end":{"line":48,"column":2}}},"fnMap":{"0":{"name":"StarProvider","decl":{"start":{"line":5,"column":9},"end":{"line":5,"column":21}},"loc":{"start":{"line":5,"column":36},"end":{"line":45,"column":1}},"line":5},"1":{"name":"(anonymous_1)","decl":{"start":{"line":17,"column":25},"end":{"line":17,"column":26}},"loc":{"start":{"line":17,"column":32},"end":{"line":32,"column":3}},"line":17}},"branchMap":{},"s":{"0":188,"1":188,"2":188,"3":188,"4":188,"5":188,"6":188,"7":188,"8":188,"9":188,"10":3},"f":{"0":188,"1":188},"b":{},"_coverageSchema":"1a1c01bbd47fc00a2c39e90264f33305004495a9","hash":"03476823699e2a8ecdc13652e80965739aed7cb8"}
,"/home/priscila/Documentos/sd-025-b-project-starwars-planets-search/src/hooks/useFetch.js": {"path":"/home/priscila/Documentos/sd-025-b-project-starwars-planets-search/src/hooks/useFetch.js","statementMap":{"0":{"start":{"line":5,"column":34},"end":{"line":5,"column":46}},"1":{"start":{"line":6,"column":32},"end":{"line":6,"column":46}},"2":{"start":{"line":8,"column":2},"end":{"line":16,"column":9}},"3":{"start":{"line":9,"column":22},"end":{"line":14,"column":5}},"4":{"start":{"line":10,"column":23},"end":{"line":10,"column":67}},"5":{"start":{"line":11,"column":19},"end":{"line":11,"column":40}},"6":{"start":{"line":12,"column":6},"end":{"line":12,"column":32}},"7":{"start":{"line":13,"column":6},"end":{"line":13,"column":40}},"8":{"start":{"line":13,"column":18},"end":{"line":13,"column":36}},"9":{"start":{"line":15,"column":4},"end":{"line":15,"column":16}},"10":{"start":{"line":18,"column":2},"end":{"line":18,"column":31}}},"fnMap":{"0":{"name":"useFetch","decl":{"start":{"line":4,"column":24},"end":{"line":4,"column":32}},"loc":{"start":{"line":4,"column":35},"end":{"line":19,"column":1}},"line":4},"1":{"name":"(anonymous_1)","decl":{"start":{"line":8,"column":12},"end":{"line":8,"column":13}},"loc":{"start":{"line":8,"column":18},"end":{"line":16,"column":3}},"line":8},"2":{"name":"(anonymous_2)","decl":{"start":{"line":9,"column":22},"end":{"line":9,"column":23}},"loc":{"start":{"line":9,"column":34},"end":{"line":14,"column":5}},"line":9},"3":{"name":"(anonymous_3)","decl":{"start":{"line":13,"column":10},"end":{"line":13,"column":11}},"loc":{"start":{"line":13,"column":16},"end":{"line":13,"column":38}},"line":13}},"branchMap":{},"s":{"0":856,"1":848,"2":848,"3":104,"4":104,"5":96,"6":96,"7":96,"8":96,"9":104,"10":848},"f":{"0":856,"1":104,"2":104,"3":96},"b":{},"_coverageSchema":"1a1c01bbd47fc00a2c39e90264f33305004495a9","hash":"05860fb4668e4617e26635b5b18461efc5b5ff73"}
}
