{"total": {"lines":{"total":104,"covered":103,"skipped":0,"pct":99.03},"statements":{"total":110,"covered":106,"skipped":0,"pct":96.36},"functions":{"total":50,"covered":46,"skipped":0,"pct":92},"branches":{"total":26,"covered":25,"skipped":0,"pct":96.15},"branchesTrue":{"total":0,"covered":0,"skipped":0,"pct":100}}
,"/home/priscila/Documentos/sd-025-b-project-starwars-planets-search/cypress/mocks/testData.js": {"lines":{"total":1,"covered":1,"skipped":0,"pct":100},"functions":{"total":0,"covered":0,"skipped":0,"pct":100},"statements":{"total":1,"covered":1,"skipped":0,"pct":100},"branches":{"total":0,"covered":0,"skipped":0,"pct":100}}
,"/home/priscila/Documentos/sd-025-b-project-starwars-planets-search/src/App.js": {"lines":{"total":1,"covered":1,"skipped":0,"pct":100},"functions":{"total":1,"covered":1,"skipped":0,"pct":100},"statements":{"total":1,"covered":1,"skipped":0,"pct":100},"branches":{"total":0,"covered":0,"skipped":0,"pct":100}}
,"/home/priscila/Documentos/sd-025-b-project-starwars-planets-search/src/components/Filtros.js": {"lines":{"total":30,"covered":29,"skipped":0,"pct":96.66},"functions":{"total":17,"covered":16,"skipped":0,"pct":94.11},"statements":{"total":31,"covered":30,"skipped":0,"pct":96.77},"branches":{"total":10,"covered":10,"skipped":0,"pct":100}}
,"/home/priscila/Documentos/sd-025-b-project-starwars-planets-search/src/components/Header.js": {"lines":{"total":1,"covered":1,"skipped":0,"pct":100},"functions":{"total":1,"covered":1,"skipped":0,"pct":100},"statements":{"total":1,"covered":1,"skipped":0,"pct":100},"branches":{"total":0,"covered":0,"skipped":0,"pct":100}}
,"/home/priscila/Documentos/sd-025-b-project-starwars-planets-search/src/components/History.js": {"lines":{"total":26,"covered":26,"skipped":0,"pct":100},"functions":{"total":12,"covered":12,"skipped":0,"pct":100},"statements":{"total":26,"covered":26,"skipped":0,"pct":100},"branches":{"total":8,"covered":7,"skipped":0,"pct":87.5}}
,"/home/priscila/Documentos/sd-025-b-project-starwars-planets-search/src/components/Ordernar.js": {"lines":{"total":18,"covered":18,"skipped":0,"pct":100},"functions":{"total":10,"covered":7,"skipped":0,"pct":70},"statements":{"total":21,"covered":18,"skipped":0,"pct":85.71},"branches":{"total":6,"covered":6,"skipped":0,"pct":100}}
,"/home/priscila/Documentos/sd-025-b-project-starwars-planets-search/src/components/Table.js": {"lines":{"total":6,"covered":6,"skipped":0,"pct":100},"functions":{"total":3,"covered":3,"skipped":0,"pct":100},"statements":{"total":6,"covered":6,"skipped":0,"pct":100},"branches":{"total":2,"covered":2,"skipped":0,"pct":100}}
,"/home/priscila/Documentos/sd-025-b-project-starwars-planets-search/src/context/StarContext.js": {"lines":{"total":1,"covered":1,"skipped":0,"pct":100},"functions":{"total":0,"covered":0,"skipped":0,"pct":100},"statements":{"total":1,"covered":1,"skipped":0,"pct":100},"branches":{"total":0,"covered":0,"skipped":0,"pct":100}}
,"/home/priscila/Documentos/sd-025-b-project-starwars-planets-search/src/context/StarProvider.js": {"lines":{"total":10,"covered":10,"skipped":0,"pct":100},"functions":{"total":2,"covered":2,"skipped":0,"pct":100},"statements":{"total":11,"covered":11,"skipped":0,"pct":100},"branches":{"total":0,"covered":0,"skipped":0,"pct":100}}
,"/home/priscila/Documentos/sd-025-b-project-starwars-planets-search/src/hooks/useFetch.js": {"lines":{"total":10,"covered":10,"skipped":0,"pct":100},"functions":{"total":4,"covered":4,"skipped":0,"pct":100},"statements":{"total":11,"covered":11,"skipped":0,"pct":100},"branches":{"total":0,"covered":0,"skipped":0,"pct":100}}
}
