TN:
SF:cypress/mocks/testData.js
FNF:0
FNH:0
DA:1,3
LF:1
LH:1
BRF:0
BRH:0
end_of_record
TN:
SF:src/App.js
FN:4,App
FNF:1
FNH:1
FNDA:28,App
DA:5,28
LF:1
LH:1
BRF:0
BRH:0
end_of_record
TN:
SF:src/components/Filtros.js
FN:5,Filtros
FN:19,(anonymous_1)
FN:22,(anonymous_2)
FN:26,(anonymous_3)
FN:30,(anonymous_4)
FN:44,(anonymous_5)
FN:51,(anonymous_6)
FN:51,(anonymous_7)
FN:56,(anonymous_8)
FN:65,(anonymous_9)
FN:65,(anonymous_10)
FN:79,(anonymous_11)
FN:79,(anonymous_12)
FN:86,(anonymous_13)
FN:87,(anonymous_14)
FN:94,(anonymous_15)
FN:102,(anonymous_16)
FNF:17
FNH:16
FNDA:214,Filtros
FNDA:19,(anonymous_1)
FNDA:0,(anonymous_2)
FNDA:20,(anonymous_3)
FNDA:2,(anonymous_4)
FNDA:7,(anonymous_5)
FNDA:18,(anonymous_6)
FNDA:18,(anonymous_7)
FNDA:952,(anonymous_8)
FNDA:18,(anonymous_9)
FNDA:18,(anonymous_10)
FNDA:82,(anonymous_11)
FNDA:82,(anonymous_12)
FNDA:19,(anonymous_13)
FNDA:19,(anonymous_14)
FNDA:85,(anonymous_15)
FNDA:1,(anonymous_16)
DA:6,214
DA:17,212
DA:19,212
DA:20,19
DA:21,8
DA:22,0
DA:24,19
DA:25,6
DA:26,20
DA:28,19
DA:29,5
DA:30,2
DA:35,212
DA:44,7
DA:51,18
DA:53,18
DA:57,952
DA:65,18
DA:67,18
DA:79,82
DA:81,82
DA:87,19
DA:88,19
DA:89,19
DA:90,19
DA:93,19
DA:94,85
DA:103,1
DA:104,1
DA:105,1
LF:30
LH:29
BRDA:20,0,0,8
BRDA:20,0,1,11
BRDA:24,1,0,6
BRDA:24,1,1,13
BRDA:28,2,0,5
BRDA:28,2,1,14
BRDA:37,3,0,212
BRDA:37,3,1,157
BRDA:88,4,0,18
BRDA:88,4,1,1
BRF:10
BRH:10
end_of_record
TN:
SF:src/components/Header.js
FN:6,Header
FNF:1
FNH:1
FNDA:28,Header
DA:7,28
LF:1
LH:1
BRF:0
BRH:0
end_of_record
TN:
SF:src/components/History.js
FN:5,History
FN:14,(anonymous_1)
FN:16,(anonymous_2)
FN:18,(anonymous_3)
FN:21,(anonymous_4)
FN:25,(anonymous_5)
FN:28,(anonymous_6)
FN:37,(anonymous_7)
FN:40,(anonymous_8)
FN:41,(anonymous_9)
FN:47,(anonymous_10)
FN:61,(anonymous_11)
FNF:12
FNH:12
FNDA:214,History
FNDA:5,(anonymous_1)
FNDA:8,(anonymous_2)
FNDA:3,(anonymous_3)
FNDA:10,(anonymous_4)
FNDA:10,(anonymous_5)
FNDA:10,(anonymous_6)
FNDA:5,(anonymous_7)
FNDA:8,(anonymous_8)
FNDA:5,(anonymous_9)
FNDA:108,(anonymous_10)
FNDA:5,(anonymous_11)
DA:6,214
DA:12,212
DA:14,212
DA:15,5
DA:16,8
DA:17,5
DA:18,3
DA:19,3
DA:20,1
DA:21,10
DA:23,2
DA:24,1
DA:25,10
DA:26,1
DA:27,1
DA:28,10
DA:33,2
DA:37,212
DA:38,5
DA:39,5
DA:40,8
DA:41,5
DA:42,5
DA:45,212
DA:48,108
DA:61,5
LF:26
LH:26
BRDA:17,0,0,3
BRDA:17,0,1,2
BRDA:19,1,0,1
BRDA:19,1,1,2
BRDA:23,2,0,1
BRDA:23,2,1,1
BRDA:26,3,0,1
BRDA:26,3,1,0
BRF:8
BRH:7
end_of_record
TN:
SF:src/components/Ordernar.js
FN:5,Ordernar
FN:16,(anonymous_1)
FN:18,(anonymous_2)
FN:20,(anonymous_3)
FN:23,(anonymous_4)
FN:35,(anonymous_5)
FN:40,(anonymous_6)
FN:51,(anonymous_7)
FN:61,(anonymous_8)
FN:67,(anonymous_9)
FNF:10
FNH:7
FNDA:214,Ordernar
FNDA:4,(anonymous_1)
FNDA:0,(anonymous_2)
FNDA:0,(anonymous_3)
FNDA:0,(anonymous_4)
FNDA:4,(anonymous_5)
FNDA:1060,(anonymous_6)
FNDA:2,(anonymous_7)
FNDA:2,(anonymous_8)
FNDA:4,(anonymous_9)
DA:6,214
DA:13,212
DA:14,212
DA:16,212
DA:17,4
DA:18,4
DA:19,4
DA:20,2
DA:21,2
DA:22,4
DA:23,2
DA:24,2
DA:28,212
DA:35,4
DA:41,1060
DA:51,2
DA:61,2
DA:67,4
LF:18
LH:18
BRDA:14,0,0,199
BRDA:14,0,1,13
BRDA:19,1,0,2
BRDA:19,1,1,2
BRDA:22,2,0,2
BRDA:22,2,1,2
BRF:6
BRH:6
end_of_record
TN:
SF:src/components/Table.js
FN:5,Table
FN:31,(anonymous_1)
FN:32,(anonymous_2)
FNF:3
FNH:3
FNDA:214,Table
FNDA:474,(anonymous_1)
FNDA:463,(anonymous_2)
DA:6,214
DA:7,212
DA:8,212
DA:9,212
DA:31,474
DA:33,463
LF:6
LH:6
BRDA:8,0,0,199
BRDA:8,0,1,13
BRF:2
BRH:2
end_of_record
TN:
SF:src/context/StarContext.js
FNF:0
FNH:0
DA:3,3
LF:1
LH:1
BRF:0
BRH:0
end_of_record
TN:
SF:src/context/StarProvider.js
FN:5,StarProvider
FN:17,(anonymous_1)
FNF:2
FNH:2
FNDA:188,StarProvider
FNDA:188,(anonymous_1)
DA:6,188
DA:7,188
DA:9,188
DA:10,188
DA:11,188
DA:13,188
DA:14,188
DA:17,188
DA:40,188
DA:46,3
LF:10
LH:10
BRF:0
BRH:0
end_of_record
TN:
SF:src/hooks/useFetch.js
FN:4,useFetch
FN:8,(anonymous_1)
FN:9,(anonymous_2)
FN:13,(anonymous_3)
FNF:4
FNH:4
FNDA:856,useFetch
FNDA:104,(anonymous_1)
FNDA:104,(anonymous_2)
FNDA:96,(anonymous_3)
DA:5,856
DA:6,848
DA:8,848
DA:9,104
DA:10,104
DA:11,96
DA:12,96
DA:13,96
DA:15,104
DA:18,848
LF:10
LH:10
BRF:0
BRH:0
end_of_record
